{"/Users/duncangrubbs/Documents/Github/BarterOutMain/test/kittens.js":{"path":"/Users/duncangrubbs/Documents/Github/BarterOutMain/test/kittens.js","statementMap":{"0":{"start":{"line":3,"column":19},"end":{"line":3,"column":49}},"1":{"start":{"line":5,"column":14},"end":{"line":5,"column":48}},"2":{"start":{"line":7,"column":15},"end":{"line":7,"column":46}},"3":{"start":{"line":9,"column":12},"end":{"line":9,"column":27}},"4":{"start":{"line":11,"column":13},"end":{"line":11,"column":42}},"5":{"start":{"line":13,"column":14},"end":{"line":13,"column":41}},"6":{"start":{"line":15,"column":15},"end":{"line":15,"column":46}},"7":{"start":{"line":17,"column":12},"end":{"line":17,"column":27}},"8":{"start":{"line":19,"column":13},"end":{"line":19,"column":42}},"9":{"start":{"line":21,"column":16},"end":{"line":21,"column":36}},"10":{"start":{"line":23,"column":17},"end":{"line":23,"column":50}},"11":{"start":{"line":25,"column":16},"end":{"line":25,"column":35}},"12":{"start":{"line":27,"column":17},"end":{"line":27,"column":50}},"13":{"start":{"line":29,"column":39},"end":{"line":29,"column":93}},"14":{"start":{"line":31,"column":0},"end":{"line":31,"column":39}},"15":{"start":{"line":32,"column":13},"end":{"line":32,"column":36}},"16":{"start":{"line":34,"column":0},"end":{"line":36,"column":3}},"17":{"start":{"line":35,"column":1},"end":{"line":35,"column":35}},"18":{"start":{"line":38,"column":0},"end":{"line":42,"column":3}},"19":{"start":{"line":39,"column":1},"end":{"line":41,"column":4}},"20":{"start":{"line":40,"column":2},"end":{"line":40,"column":19}},"21":{"start":{"line":40,"column":12},"end":{"line":40,"column":19}},"22":{"start":{"line":44,"column":14},"end":{"line":44,"column":156}},"23":{"start":{"line":46,"column":0},"end":{"line":54,"column":3}},"24":{"start":{"line":48,"column":1},"end":{"line":53,"column":4}},"25":{"start":{"line":49,"column":2},"end":{"line":52,"column":5}},"26":{"start":{"line":50,"column":3},"end":{"line":50,"column":57}},"27":{"start":{"line":50,"column":12},"end":{"line":50,"column":57}},"28":{"start":{"line":51,"column":3},"end":{"line":51,"column":10}},"29":{"start":{"line":56,"column":0},"end":{"line":63,"column":3}},"30":{"start":{"line":57,"column":1},"end":{"line":62,"column":4}},"31":{"start":{"line":58,"column":2},"end":{"line":61,"column":5}},"32":{"start":{"line":59,"column":3},"end":{"line":59,"column":31}},"33":{"start":{"line":60,"column":3},"end":{"line":60,"column":10}}},"fnMap":{"0":{"name":"_interopRequireDefault","decl":{"start":{"line":29,"column":9},"end":{"line":29,"column":31}},"loc":{"start":{"line":29,"column":37},"end":{"line":29,"column":95}},"line":29},"1":{"name":"(anonymous_1)","decl":{"start":{"line":34,"column":28},"end":{"line":34,"column":29}},"loc":{"start":{"line":34,"column":44},"end":{"line":36,"column":1}},"line":34},"2":{"name":"(anonymous_2)","decl":{"start":{"line":38,"column":36},"end":{"line":38,"column":37}},"loc":{"start":{"line":38,"column":52},"end":{"line":42,"column":1}},"line":38},"3":{"name":"(anonymous_3)","decl":{"start":{"line":39,"column":44},"end":{"line":39,"column":45}},"loc":{"start":{"line":39,"column":59},"end":{"line":41,"column":2}},"line":39},"4":{"name":"(anonymous_4)","decl":{"start":{"line":46,"column":29},"end":{"line":46,"column":30}},"loc":{"start":{"line":46,"column":41},"end":{"line":54,"column":1}},"line":46},"5":{"name":"(anonymous_5)","decl":{"start":{"line":48,"column":34},"end":{"line":48,"column":35}},"loc":{"start":{"line":48,"column":56},"end":{"line":53,"column":2}},"line":48},"6":{"name":"(anonymous_6)","decl":{"start":{"line":49,"column":35},"end":{"line":49,"column":36}},"loc":{"start":{"line":49,"column":50},"end":{"line":52,"column":3}},"line":49},"7":{"name":"(anonymous_7)","decl":{"start":{"line":56,"column":22},"end":{"line":56,"column":23}},"loc":{"start":{"line":56,"column":34},"end":{"line":63,"column":1}},"line":56},"8":{"name":"(anonymous_8)","decl":{"start":{"line":57,"column":40},"end":{"line":57,"column":41}},"loc":{"start":{"line":57,"column":56},"end":{"line":62,"column":2}},"line":57},"9":{"name":"(anonymous_9)","decl":{"start":{"line":58,"column":60},"end":{"line":58,"column":61}},"loc":{"start":{"line":58,"column":80},"end":{"line":61,"column":3}},"line":58}},"branchMap":{"0":{"loc":{"start":{"line":29,"column":46},"end":{"line":29,"column":92}},"type":"cond-expr","locations":[{"start":{"line":29,"column":70},"end":{"line":29,"column":73}},{"start":{"line":29,"column":76},"end":{"line":29,"column":92}}],"line":29},"1":{"loc":{"start":{"line":29,"column":46},"end":{"line":29,"column":67}},"type":"binary-expr","locations":[{"start":{"line":29,"column":46},"end":{"line":29,"column":49}},{"start":{"line":29,"column":53},"end":{"line":29,"column":67}}],"line":29},"2":{"loc":{"start":{"line":40,"column":2},"end":{"line":40,"column":19}},"type":"if","locations":[{"start":{"line":40,"column":2},"end":{"line":40,"column":19}},{"start":{"line":40,"column":2},"end":{"line":40,"column":19}}],"line":40},"3":{"loc":{"start":{"line":50,"column":3},"end":{"line":50,"column":57}},"type":"if","locations":[{"start":{"line":50,"column":3},"end":{"line":50,"column":57}},{"start":{"line":50,"column":3},"end":{"line":50,"column":57}}],"line":50}},"s":{"0":1,"1":1,"2":1,"3":1,"4":1,"5":1,"6":1,"7":1,"8":1,"9":1,"10":1,"11":1,"12":1,"13":6,"14":1,"15":1,"16":1,"17":1,"18":1,"19":1,"20":0,"21":0,"22":1,"23":1,"24":1,"25":0,"26":0,"27":0,"28":0,"29":1,"30":1,"31":0,"32":0,"33":0},"f":{"0":6,"1":1,"2":1,"3":0,"4":1,"5":0,"6":0,"7":1,"8":0,"9":0},"b":{"0":[2,4],"1":[6,6],"2":[0,0],"3":[0,0]},"_coverageSchema":"d34fc3e6b8297bcde183f5492bcb8fcb36775295","hash":"a72332cc8236f36a59cab5c8b628baf66b68bb79","contentHash":"3daa1ca1406b657b1a2fffa800e9557f"},"/Users/duncangrubbs/Documents/Github/BarterOutMain/server/models/kitten.js":{"path":"/Users/duncangrubbs/Documents/Github/BarterOutMain/server/models/kitten.js","statementMap":{"0":{"start":{"line":3,"column":0},"end":{"line":5,"column":3}},"1":{"start":{"line":7,"column":16},"end":{"line":7,"column":35}},"2":{"start":{"line":9,"column":17},"end":{"line":9,"column":50}},"3":{"start":{"line":11,"column":39},"end":{"line":11,"column":93}},"4":{"start":{"line":13,"column":13},"end":{"line":13,"column":38}},"5":{"start":{"line":15,"column":19},"end":{"line":19,"column":2}},"6":{"start":{"line":21,"column":0},"end":{"line":21,"column":67}}},"fnMap":{"0":{"name":"_interopRequireDefault","decl":{"start":{"line":11,"column":9},"end":{"line":11,"column":31}},"loc":{"start":{"line":11,"column":37},"end":{"line":11,"column":95}},"line":11}},"branchMap":{"0":{"loc":{"start":{"line":11,"column":46},"end":{"line":11,"column":92}},"type":"cond-expr","locations":[{"start":{"line":11,"column":70},"end":{"line":11,"column":73}},{"start":{"line":11,"column":76},"end":{"line":11,"column":92}}],"line":11},"1":{"loc":{"start":{"line":11,"column":46},"end":{"line":11,"column":67}},"type":"binary-expr","locations":[{"start":{"line":11,"column":46},"end":{"line":11,"column":49}},{"start":{"line":11,"column":53},"end":{"line":11,"column":67}}],"line":11}},"s":{"0":1,"1":1,"2":1,"3":1,"4":1,"5":1,"6":1},"f":{"0":1},"b":{"0":[0,1],"1":[1,1]},"_coverageSchema":"d34fc3e6b8297bcde183f5492bcb8fcb36775295","hash":"4609aa9a5a4a15dbc4cdbf68d54ee3372a3df2d1","contentHash":"a0865d17a6615285087ed7c7cebf63a2"},"/Users/duncangrubbs/Documents/Github/BarterOutMain/server/server.js":{"path":"/Users/duncangrubbs/Documents/Github/BarterOutMain/server/server.js","statementMap":{"0":{"start":{"line":3,"column":0},"end":{"line":5,"column":3}},"1":{"start":{"line":7,"column":15},"end":{"line":7,"column":33}},"2":{"start":{"line":9,"column":16},"end":{"line":9,"column":48}},"3":{"start":{"line":11,"column":12},"end":{"line":11,"column":27}},"4":{"start":{"line":13,"column":13},"end":{"line":13,"column":42}},"5":{"start":{"line":15,"column":16},"end":{"line":15,"column":35}},"6":{"start":{"line":17,"column":17},"end":{"line":17,"column":50}},"7":{"start":{"line":19,"column":15},"end":{"line":19,"column":33}},"8":{"start":{"line":21,"column":16},"end":{"line":21,"column":48}},"9":{"start":{"line":23,"column":28},"end":{"line":23,"column":61}},"10":{"start":{"line":25,"column":29},"end":{"line":25,"column":74}},"11":{"start":{"line":27,"column":28},"end":{"line":27,"column":61}},"12":{"start":{"line":29,"column":29},"end":{"line":29,"column":74}},"13":{"start":{"line":31,"column":16},"end":{"line":31,"column":44}},"14":{"start":{"line":33,"column":16},"end":{"line":33,"column":49}},"15":{"start":{"line":35,"column":14},"end":{"line":35,"column":33}},"16":{"start":{"line":37,"column":15},"end":{"line":37,"column":46}},"17":{"start":{"line":39,"column":14},"end":{"line":39,"column":41}},"18":{"start":{"line":41,"column":15},"end":{"line":41,"column":46}},"19":{"start":{"line":43,"column":39},"end":{"line":43,"column":93}},"20":{"start":{"line":52,"column":15},"end":{"line":52,"column":36}},"21":{"start":{"line":70,"column":18},"end":{"line":70,"column":48}},"22":{"start":{"line":73,"column":11},"end":{"line":73,"column":35}},"23":{"start":{"line":76,"column":11},"end":{"line":76,"column":35}},"24":{"start":{"line":78,"column":17},"end":{"line":78,"column":42}},"25":{"start":{"line":79,"column":16},"end":{"line":79,"column":45}},"26":{"start":{"line":81,"column":11},"end":{"line":81,"column":32}},"27":{"start":{"line":83,"column":17},"end":{"line":83,"column":39}},"28":{"start":{"line":84,"column":14},"end":{"line":84,"column":40}},"29":{"start":{"line":87,"column":10},"end":{"line":87,"column":33}},"30":{"start":{"line":89,"column":0},"end":{"line":89,"column":23}},"31":{"start":{"line":90,"column":0},"end":{"line":90,"column":27}},"32":{"start":{"line":91,"column":0},"end":{"line":91,"column":51}},"33":{"start":{"line":95,"column":0},"end":{"line":101,"column":4}},"34":{"start":{"line":103,"column":10},"end":{"line":103,"column":23}},"35":{"start":{"line":106,"column":2},"end":{"line":108,"column":3}},"36":{"start":{"line":107,"column":4},"end":{"line":107,"column":73}},"37":{"start":{"line":109,"column":2},"end":{"line":109,"column":16}},"38":{"start":{"line":112,"column":0},"end":{"line":114,"column":1}},"39":{"start":{"line":113,"column":2},"end":{"line":113,"column":20}},"40":{"start":{"line":116,"column":0},"end":{"line":118,"column":3}},"41":{"start":{"line":117,"column":2},"end":{"line":117,"column":30}},"42":{"start":{"line":120,"column":0},"end":{"line":122,"column":3}},"43":{"start":{"line":121,"column":2},"end":{"line":121,"column":30}},"44":{"start":{"line":124,"column":0},"end":{"line":124,"column":31}},"45":{"start":{"line":125,"column":0},"end":{"line":125,"column":28}},"46":{"start":{"line":126,"column":0},"end":{"line":126,"column":27}},"47":{"start":{"line":127,"column":0},"end":{"line":127,"column":27}},"48":{"start":{"line":128,"column":0},"end":{"line":128,"column":34}},"49":{"start":{"line":129,"column":0},"end":{"line":129,"column":37}},"50":{"start":{"line":132,"column":0},"end":{"line":136,"column":1}},"51":{"start":{"line":133,"column":17},"end":{"line":133,"column":58}},"52":{"start":{"line":134,"column":2},"end":{"line":134,"column":124}},"53":{"start":{"line":135,"column":2},"end":{"line":135,"column":57}},"54":{"start":{"line":139,"column":0},"end":{"line":139,"column":44}},"55":{"start":{"line":141,"column":0},"end":{"line":148,"column":3}},"56":{"start":{"line":142,"column":2},"end":{"line":145,"column":3}},"57":{"start":{"line":143,"column":4},"end":{"line":143,"column":72}},"58":{"start":{"line":144,"column":4},"end":{"line":144,"column":16}},"59":{"start":{"line":147,"column":2},"end":{"line":147,"column":26}},"60":{"start":{"line":151,"column":0},"end":{"line":155,"column":3}},"61":{"start":{"line":152,"column":2},"end":{"line":154,"column":3}},"62":{"start":{"line":153,"column":4},"end":{"line":153,"column":100}},"63":{"start":{"line":160,"column":0},"end":{"line":162,"column":3}},"64":{"start":{"line":161,"column":2},"end":{"line":161,"column":76}},"65":{"start":{"line":164,"column":0},"end":{"line":164,"column":22}}},"fnMap":{"0":{"name":"_interopRequireDefault","decl":{"start":{"line":43,"column":9},"end":{"line":43,"column":31}},"loc":{"start":{"line":43,"column":37},"end":{"line":43,"column":95}},"line":43},"1":{"name":"forceSsl","decl":{"start":{"line":105,"column":9},"end":{"line":105,"column":17}},"loc":{"start":{"line":105,"column":34},"end":{"line":110,"column":1}},"line":105},"2":{"name":"(anonymous_2)","decl":{"start":{"line":116,"column":25},"end":{"line":116,"column":26}},"loc":{"start":{"line":116,"column":45},"end":{"line":118,"column":1}},"line":116},"3":{"name":"(anonymous_3)","decl":{"start":{"line":120,"column":27},"end":{"line":120,"column":28}},"loc":{"start":{"line":120,"column":47},"end":{"line":122,"column":1}},"line":120},"4":{"name":"(anonymous_4)","decl":{"start":{"line":141,"column":80},"end":{"line":141,"column":81}},"loc":{"start":{"line":141,"column":97},"end":{"line":148,"column":1}},"line":141},"5":{"name":"(anonymous_5)","decl":{"start":{"line":151,"column":17},"end":{"line":151,"column":18}},"loc":{"start":{"line":151,"column":34},"end":{"line":155,"column":1}},"line":151},"6":{"name":"(anonymous_6)","decl":{"start":{"line":160,"column":13},"end":{"line":160,"column":14}},"loc":{"start":{"line":160,"column":33},"end":{"line":162,"column":1}},"line":160}},"branchMap":{"0":{"loc":{"start":{"line":43,"column":46},"end":{"line":43,"column":92}},"type":"cond-expr","locations":[{"start":{"line":43,"column":70},"end":{"line":43,"column":73}},{"start":{"line":43,"column":76},"end":{"line":43,"column":92}}],"line":43},"1":{"loc":{"start":{"line":43,"column":46},"end":{"line":43,"column":67}},"type":"binary-expr","locations":[{"start":{"line":43,"column":46},"end":{"line":43,"column":49}},{"start":{"line":43,"column":53},"end":{"line":43,"column":67}}],"line":43},"2":{"loc":{"start":{"line":106,"column":2},"end":{"line":108,"column":3}},"type":"if","locations":[{"start":{"line":106,"column":2},"end":{"line":108,"column":3}},{"start":{"line":106,"column":2},"end":{"line":108,"column":3}}],"line":106},"3":{"loc":{"start":{"line":112,"column":0},"end":{"line":114,"column":1}},"type":"if","locations":[{"start":{"line":112,"column":0},"end":{"line":114,"column":1}},{"start":{"line":112,"column":0},"end":{"line":114,"column":1}}],"line":112},"4":{"loc":{"start":{"line":132,"column":0},"end":{"line":136,"column":1}},"type":"if","locations":[{"start":{"line":132,"column":0},"end":{"line":136,"column":1}},{"start":{"line":132,"column":0},"end":{"line":136,"column":1}}],"line":132},"5":{"loc":{"start":{"line":142,"column":2},"end":{"line":145,"column":3}},"type":"if","locations":[{"start":{"line":142,"column":2},"end":{"line":145,"column":3}},{"start":{"line":142,"column":2},"end":{"line":145,"column":3}}],"line":142},"6":{"loc":{"start":{"line":152,"column":2},"end":{"line":154,"column":3}},"type":"if","locations":[{"start":{"line":152,"column":2},"end":{"line":154,"column":3}},{"start":{"line":152,"column":2},"end":{"line":154,"column":3}}],"line":152}},"s":{"0":1,"1":1,"2":1,"3":1,"4":1,"5":1,"6":1,"7":1,"8":1,"9":1,"10":1,"11":1,"12":1,"13":1,"14":1,"15":1,"16":1,"17":1,"18":1,"19":9,"20":1,"21":1,"22":1,"23":1,"24":1,"25":1,"26":1,"27":1,"28":1,"29":1,"30":1,"31":1,"32":1,"33":1,"34":1,"35":0,"36":0,"37":0,"38":1,"39":0,"40":1,"41":0,"42":1,"43":0,"44":1,"45":1,"46":1,"47":1,"48":1,"49":1,"50":1,"51":0,"52":0,"53":0,"54":1,"55":1,"56":1,"57":1,"58":1,"59":0,"60":1,"61":1,"62":1,"63":1,"64":0,"65":1},"f":{"0":9,"1":0,"2":0,"3":0,"4":1,"5":1,"6":0},"b":{"0":[2,7],"1":[9,9],"2":[0,0],"3":[0,1],"4":[0,1],"5":[1,0],"6":[1,0]},"_coverageSchema":"d34fc3e6b8297bcde183f5492bcb8fcb36775295","hash":"2810eea663608ce20806af2de11727c3b3243268","contentHash":"c5dff05fdefede1f8dff981a413237d1"},"/Users/duncangrubbs/Documents/Github/BarterOutMain/webpack.config.js":{"path":"/Users/duncangrubbs/Documents/Github/BarterOutMain/webpack.config.js","statementMap":{"0":{"start":{"line":3,"column":14},"end":{"line":3,"column":32}},"1":{"start":{"line":5,"column":15},"end":{"line":5,"column":30}},"2":{"start":{"line":6,"column":14},"end":{"line":6,"column":30}},"3":{"start":{"line":8,"column":0},"end":{"line":54,"column":2}},"4":{"start":{"line":56,"column":0},"end":{"line":56,"column":42}}},"fnMap":{},"branchMap":{},"s":{"0":1,"1":1,"2":1,"3":1,"4":1},"f":{},"b":{},"_coverageSchema":"d34fc3e6b8297bcde183f5492bcb8fcb36775295","hash":"efadd9d716f9aeb53c27a6ef7f801a20a935a021","contentHash":"1dca68b112ad260b095fe105bf2d96cf"},"/Users/duncangrubbs/Documents/Github/BarterOutMain/server/config.js":{"path":"/Users/duncangrubbs/Documents/Github/BarterOutMain/server/config.js","statementMap":{"0":{"start":{"line":3,"column":0},"end":{"line":5,"column":3}},"1":{"start":{"line":6,"column":13},"end":{"line":9,"column":1}},"2":{"start":{"line":11,"column":0},"end":{"line":11,"column":25}}},"fnMap":{},"branchMap":{"0":{"loc":{"start":{"line":7,"column":12},"end":{"line":7,"column":123}},"type":"binary-expr","locations":[{"start":{"line":7,"column":12},"end":{"line":7,"column":33}},{"start":{"line":7,"column":37},"end":{"line":7,"column":123}}],"line":7},"1":{"loc":{"start":{"line":8,"column":8},"end":{"line":8,"column":32}},"type":"binary-expr","locations":[{"start":{"line":8,"column":8},"end":{"line":8,"column":24}},{"start":{"line":8,"column":28},"end":{"line":8,"column":32}}],"line":8}},"s":{"0":1,"1":1,"2":1},"f":{},"b":{"0":[1,0],"1":[1,1]},"_coverageSchema":"d34fc3e6b8297bcde183f5492bcb8fcb36775295","hash":"9f9632c9fdac3e196a13480dc0006181af2e7cbe","contentHash":"fe620761dc1019bcf3aff8104c4365f7"},"/Users/duncangrubbs/Documents/Github/BarterOutMain/server/passport/index.js":{"path":"/Users/duncangrubbs/Documents/Github/BarterOutMain/server/passport/index.js","statementMap":{"0":{"start":{"line":3,"column":15},"end":{"line":3,"column":34}},"1":{"start":{"line":4,"column":20},"end":{"line":4,"column":46}},"2":{"start":{"line":5,"column":11},"end":{"line":5,"column":36}},"3":{"start":{"line":8,"column":0},"end":{"line":13,"column":3}},"4":{"start":{"line":9,"column":2},"end":{"line":9,"column":50}},"5":{"start":{"line":10,"column":2},"end":{"line":10,"column":23}},"6":{"start":{"line":11,"column":2},"end":{"line":11,"column":27}},"7":{"start":{"line":12,"column":2},"end":{"line":12,"column":35}},"8":{"start":{"line":16,"column":0},"end":{"line":24,"column":3}},"9":{"start":{"line":17,"column":2},"end":{"line":17,"column":40}},"10":{"start":{"line":18,"column":2},"end":{"line":23,"column":5}},"11":{"start":{"line":19,"column":4},"end":{"line":19,"column":47}},"12":{"start":{"line":20,"column":4},"end":{"line":20,"column":25}},"13":{"start":{"line":21,"column":4},"end":{"line":21,"column":34}},"14":{"start":{"line":22,"column":4},"end":{"line":22,"column":24}},"15":{"start":{"line":27,"column":0},"end":{"line":27,"column":28}},"16":{"start":{"line":29,"column":0},"end":{"line":29,"column":26}}},"fnMap":{"0":{"name":"(anonymous_0)","decl":{"start":{"line":8,"column":23},"end":{"line":8,"column":24}},"loc":{"start":{"line":8,"column":48},"end":{"line":13,"column":1}},"line":8},"1":{"name":"(anonymous_1)","decl":{"start":{"line":16,"column":25},"end":{"line":16,"column":26}},"loc":{"start":{"line":16,"column":45},"end":{"line":24,"column":1}},"line":16},"2":{"name":"(anonymous_2)","decl":{"start":{"line":18,"column":40},"end":{"line":18,"column":41}},"loc":{"start":{"line":18,"column":64},"end":{"line":23,"column":3}},"line":18}},"branchMap":{},"s":{"0":1,"1":1,"2":1,"3":1,"4":0,"5":0,"6":0,"7":0,"8":1,"9":0,"10":0,"11":0,"12":0,"13":0,"14":0,"15":1,"16":1},"f":{"0":0,"1":0,"2":0},"b":{},"_coverageSchema":"d34fc3e6b8297bcde183f5492bcb8fcb36775295","hash":"469115dd096e3b9ecf0f454f493064a2e08d96af","contentHash":"265c08456f4b2f786e22d5e328d86641"},"/Users/duncangrubbs/Documents/Github/BarterOutMain/server/passport/localStrategy.js":{"path":"/Users/duncangrubbs/Documents/Github/BarterOutMain/server/passport/localStrategy.js","statementMap":{"0":{"start":{"line":3,"column":12},"end":{"line":3,"column":37}},"1":{"start":{"line":5,"column":13},"end":{"line":5,"column":42}},"2":{"start":{"line":7,"column":39},"end":{"line":7,"column":93}},"3":{"start":{"line":9,"column":20},"end":{"line":9,"column":54}},"4":{"start":{"line":11,"column":15},"end":{"line":26,"column":2}},"5":{"start":{"line":14,"column":2},"end":{"line":25,"column":5}},"6":{"start":{"line":15,"column":4},"end":{"line":17,"column":5}},"7":{"start":{"line":16,"column":6},"end":{"line":16,"column":23}},"8":{"start":{"line":18,"column":4},"end":{"line":20,"column":5}},"9":{"start":{"line":19,"column":6},"end":{"line":19,"column":66}},"10":{"start":{"line":21,"column":4},"end":{"line":23,"column":5}},"11":{"start":{"line":22,"column":6},"end":{"line":22,"column":66}},"12":{"start":{"line":24,"column":4},"end":{"line":24,"column":28}},"13":{"start":{"line":28,"column":0},"end":{"line":28,"column":26}}},"fnMap":{"0":{"name":"_interopRequireDefault","decl":{"start":{"line":7,"column":9},"end":{"line":7,"column":31}},"loc":{"start":{"line":7,"column":37},"end":{"line":7,"column":95}},"line":7},"1":{"name":"(anonymous_1)","decl":{"start":{"line":13,"column":3},"end":{"line":13,"column":4}},"loc":{"start":{"line":13,"column":43},"end":{"line":26,"column":1}},"line":13},"2":{"name":"(anonymous_2)","decl":{"start":{"line":14,"column":57},"end":{"line":14,"column":58}},"loc":{"start":{"line":14,"column":78},"end":{"line":25,"column":3}},"line":14}},"branchMap":{"0":{"loc":{"start":{"line":7,"column":46},"end":{"line":7,"column":92}},"type":"cond-expr","locations":[{"start":{"line":7,"column":70},"end":{"line":7,"column":73}},{"start":{"line":7,"column":76},"end":{"line":7,"column":92}}],"line":7},"1":{"loc":{"start":{"line":7,"column":46},"end":{"line":7,"column":67}},"type":"binary-expr","locations":[{"start":{"line":7,"column":46},"end":{"line":7,"column":49}},{"start":{"line":7,"column":53},"end":{"line":7,"column":67}}],"line":7},"2":{"loc":{"start":{"line":15,"column":4},"end":{"line":17,"column":5}},"type":"if","locations":[{"start":{"line":15,"column":4},"end":{"line":17,"column":5}},{"start":{"line":15,"column":4},"end":{"line":17,"column":5}}],"line":15},"3":{"loc":{"start":{"line":18,"column":4},"end":{"line":20,"column":5}},"type":"if","locations":[{"start":{"line":18,"column":4},"end":{"line":20,"column":5}},{"start":{"line":18,"column":4},"end":{"line":20,"column":5}}],"line":18},"4":{"loc":{"start":{"line":21,"column":4},"end":{"line":23,"column":5}},"type":"if","locations":[{"start":{"line":21,"column":4},"end":{"line":23,"column":5}},{"start":{"line":21,"column":4},"end":{"line":23,"column":5}}],"line":21}},"s":{"0":1,"1":1,"2":1,"3":1,"4":1,"5":0,"6":0,"7":0,"8":0,"9":0,"10":0,"11":0,"12":0,"13":1},"f":{"0":1,"1":0,"2":0},"b":{"0":[1,0],"1":[1,1],"2":[0,0],"3":[0,0],"4":[0,0]},"_coverageSchema":"d34fc3e6b8297bcde183f5492bcb8fcb36775295","hash":"f9e70ef9369b6d4f4f393a2154d0482629f0b7a1","contentHash":"846af6960fb9ed402f348b8a0d46065c"},"/Users/duncangrubbs/Documents/Github/BarterOutMain/server/models/user.js":{"path":"/Users/duncangrubbs/Documents/Github/BarterOutMain/server/models/user.js","statementMap":{"0":{"start":{"line":3,"column":0},"end":{"line":5,"column":3}},"1":{"start":{"line":7,"column":15},"end":{"line":7,"column":55}},"2":{"start":{"line":9,"column":16},"end":{"line":9,"column":48}},"3":{"start":{"line":11,"column":16},"end":{"line":11,"column":35}},"4":{"start":{"line":13,"column":17},"end":{"line":13,"column":50}},"5":{"start":{"line":15,"column":39},"end":{"line":15,"column":93}},"6":{"start":{"line":17,"column":13},"end":{"line":17,"column":38}},"7":{"start":{"line":24,"column":13},"end":{"line":24,"column":32}},"8":{"start":{"line":26,"column":0},"end":{"line":26,"column":47}},"9":{"start":{"line":28,"column":17},"end":{"line":51,"column":2}},"10":{"start":{"line":55,"column":0},"end":{"line":62,"column":2}},"11":{"start":{"line":57,"column":4},"end":{"line":57,"column":60}},"12":{"start":{"line":60,"column":4},"end":{"line":60,"column":50}},"13":{"start":{"line":79,"column":0},"end":{"line":79,"column":63}}},"fnMap":{"0":{"name":"_interopRequireDefault","decl":{"start":{"line":15,"column":9},"end":{"line":15,"column":31}},"loc":{"start":{"line":15,"column":37},"end":{"line":15,"column":95}},"line":15},"1":{"name":"checkPassword","decl":{"start":{"line":56,"column":26},"end":{"line":56,"column":39}},"loc":{"start":{"line":56,"column":55},"end":{"line":58,"column":3}},"line":56},"2":{"name":"hashPassword","decl":{"start":{"line":59,"column":25},"end":{"line":59,"column":37}},"loc":{"start":{"line":59,"column":57},"end":{"line":61,"column":3}},"line":59}},"branchMap":{"0":{"loc":{"start":{"line":15,"column":46},"end":{"line":15,"column":92}},"type":"cond-expr","locations":[{"start":{"line":15,"column":70},"end":{"line":15,"column":73}},{"start":{"line":15,"column":76},"end":{"line":15,"column":92}}],"line":15},"1":{"loc":{"start":{"line":15,"column":46},"end":{"line":15,"column":67}},"type":"binary-expr","locations":[{"start":{"line":15,"column":46},"end":{"line":15,"column":49}},{"start":{"line":15,"column":53},"end":{"line":15,"column":67}}],"line":15}},"s":{"0":1,"1":1,"2":1,"3":1,"4":1,"5":2,"6":1,"7":1,"8":1,"9":1,"10":1,"11":0,"12":0,"13":1},"f":{"0":2,"1":0,"2":0},"b":{"0":[1,1],"1":[2,2]},"_coverageSchema":"d34fc3e6b8297bcde183f5492bcb8fcb36775295","hash":"3e182a0021f9ca8fa3672981ee15a16dad45b4ec","contentHash":"65b59e6a7b1c5fc6a3681332195bcabf"},"/Users/duncangrubbs/Documents/Github/BarterOutMain/server/routes/auth.js":{"path":"/Users/duncangrubbs/Documents/Github/BarterOutMain/server/routes/auth.js","statementMap":{"0":{"start":{"line":3,"column":16},"end":{"line":3,"column":35}},"1":{"start":{"line":5,"column":17},"end":{"line":5,"column":50}},"2":{"start":{"line":7,"column":12},"end":{"line":7,"column":37}},"3":{"start":{"line":9,"column":13},"end":{"line":9,"column":42}},"4":{"start":{"line":11,"column":16},"end":{"line":11,"column":45}},"5":{"start":{"line":13,"column":17},"end":{"line":13,"column":50}},"6":{"start":{"line":15,"column":16},"end":{"line":15,"column":45}},"7":{"start":{"line":17,"column":17},"end":{"line":17,"column":50}},"8":{"start":{"line":19,"column":39},"end":{"line":19,"column":93}},"9":{"start":{"line":30,"column":14},"end":{"line":30,"column":32}},"10":{"start":{"line":32,"column":13},"end":{"line":32,"column":29}},"11":{"start":{"line":34,"column":17},"end":{"line":34,"column":38}},"12":{"start":{"line":38,"column":13},"end":{"line":38,"column":32}},"13":{"start":{"line":40,"column":13},"end":{"line":40,"column":48}},"14":{"start":{"line":44,"column":10},"end":{"line":44,"column":59}},"15":{"start":{"line":46,"column":11},"end":{"line":46,"column":32}},"16":{"start":{"line":51,"column":13},"end":{"line":51,"column":48}},"17":{"start":{"line":52,"column":2},"end":{"line":52,"column":54}},"18":{"start":{"line":56,"column":0},"end":{"line":90,"column":3}},"19":{"start":{"line":86,"column":2},"end":{"line":89,"column":3}},"20":{"start":{"line":87,"column":4},"end":{"line":87,"column":23}},"21":{"start":{"line":88,"column":4},"end":{"line":88,"column":11}},"22":{"start":{"line":93,"column":0},"end":{"line":98,"column":3}},"23":{"start":{"line":94,"column":2},"end":{"line":97,"column":3}},"24":{"start":{"line":95,"column":4},"end":{"line":95,"column":21}},"25":{"start":{"line":96,"column":4},"end":{"line":96,"column":11}},"26":{"start":{"line":101,"column":0},"end":{"line":104,"column":3}},"27":{"start":{"line":102,"column":14},"end":{"line":102,"column":30}},"28":{"start":{"line":103,"column":2},"end":{"line":103,"column":21}},"29":{"start":{"line":106,"column":0},"end":{"line":158,"column":3}},"30":{"start":{"line":107,"column":12},"end":{"line":107,"column":26}},"31":{"start":{"line":108,"column":2},"end":{"line":142,"column":5}},"32":{"start":{"line":109,"column":4},"end":{"line":111,"column":5}},"33":{"start":{"line":110,"column":6},"end":{"line":110,"column":25}},"34":{"start":{"line":112,"column":4},"end":{"line":141,"column":5}},"35":{"start":{"line":113,"column":20},"end":{"line":125,"column":8}},"36":{"start":{"line":126,"column":6},"end":{"line":137,"column":9}},"37":{"start":{"line":127,"column":8},"end":{"line":127,"column":52}},"38":{"start":{"line":128,"column":8},"end":{"line":128,"column":81}},"39":{"start":{"line":129,"column":8},"end":{"line":134,"column":11}},"40":{"start":{"line":130,"column":10},"end":{"line":132,"column":11}},"41":{"start":{"line":131,"column":12},"end":{"line":131,"column":46}},"42":{"start":{"line":136,"column":8},"end":{"line":136,"column":40}},"43":{"start":{"line":139,"column":6},"end":{"line":139,"column":72}},"44":{"start":{"line":140,"column":6},"end":{"line":140,"column":30}},"45":{"start":{"line":161,"column":10},"end":{"line":161,"column":33}},"46":{"start":{"line":164,"column":2},"end":{"line":164,"column":34}},"47":{"start":{"line":165,"column":2},"end":{"line":171,"column":5}},"48":{"start":{"line":166,"column":4},"end":{"line":170,"column":5}},"49":{"start":{"line":167,"column":6},"end":{"line":167,"column":23}},"50":{"start":{"line":169,"column":6},"end":{"line":169,"column":24}},"51":{"start":{"line":174,"column":18},"end":{"line":181,"column":2}},"52":{"start":{"line":183,"column":0},"end":{"line":254,"column":3}},"53":{"start":{"line":184,"column":23},"end":{"line":184,"column":36}},"54":{"start":{"line":185,"column":21},"end":{"line":185,"column":48}},"55":{"start":{"line":186,"column":17},"end":{"line":186,"column":40}},"56":{"start":{"line":187,"column":12},"end":{"line":187,"column":30}},"57":{"start":{"line":188,"column":22},"end":{"line":188,"column":50}},"58":{"start":{"line":189,"column":18},"end":{"line":189,"column":42}},"59":{"start":{"line":190,"column":17},"end":{"line":190,"column":40}},"60":{"start":{"line":191,"column":19},"end":{"line":191,"column":44}},"61":{"start":{"line":194,"column":2},"end":{"line":253,"column":5}},"62":{"start":{"line":195,"column":4},"end":{"line":252,"column":5}},"63":{"start":{"line":196,"column":6},"end":{"line":196,"column":48}},"64":{"start":{"line":197,"column":11},"end":{"line":252,"column":5}},"65":{"start":{"line":198,"column":6},"end":{"line":198,"column":26}},"66":{"start":{"line":200,"column":6},"end":{"line":227,"column":9}},"67":{"start":{"line":201,"column":8},"end":{"line":226,"column":9}},"68":{"start":{"line":202,"column":10},"end":{"line":202,"column":57}},"69":{"start":{"line":203,"column":15},"end":{"line":226,"column":9}},"70":{"start":{"line":204,"column":10},"end":{"line":204,"column":30}},"71":{"start":{"line":206,"column":10},"end":{"line":206,"column":63}},"72":{"start":{"line":207,"column":27},"end":{"line":207,"column":44}},"73":{"start":{"line":208,"column":24},"end":{"line":219,"column":12}},"74":{"start":{"line":220,"column":10},"end":{"line":225,"column":13}},"75":{"start":{"line":221,"column":12},"end":{"line":221,"column":54}},"76":{"start":{"line":222,"column":22},"end":{"line":222,"column":40}},"77":{"start":{"line":223,"column":12},"end":{"line":223,"column":72}},"78":{"start":{"line":224,"column":12},"end":{"line":224,"column":32}},"79":{"start":{"line":256,"column":0},"end":{"line":286,"column":3}},"80":{"start":{"line":257,"column":18},"end":{"line":257,"column":26}},"81":{"start":{"line":258,"column":21},"end":{"line":258,"column":43}},"82":{"start":{"line":259,"column":17},"end":{"line":259,"column":35}},"83":{"start":{"line":261,"column":2},"end":{"line":285,"column":5}},"84":{"start":{"line":262,"column":4},"end":{"line":266,"column":5}},"85":{"start":{"line":263,"column":6},"end":{"line":263,"column":25}},"86":{"start":{"line":264,"column":6},"end":{"line":264,"column":43}},"87":{"start":{"line":265,"column":6},"end":{"line":265,"column":13}},"88":{"start":{"line":267,"column":4},"end":{"line":270,"column":5}},"89":{"start":{"line":268,"column":6},"end":{"line":268,"column":26}},"90":{"start":{"line":269,"column":6},"end":{"line":269,"column":13}},"91":{"start":{"line":271,"column":4},"end":{"line":274,"column":5}},"92":{"start":{"line":272,"column":6},"end":{"line":272,"column":26}},"93":{"start":{"line":273,"column":6},"end":{"line":273,"column":13}},"94":{"start":{"line":276,"column":19},"end":{"line":279,"column":5}},"95":{"start":{"line":282,"column":4},"end":{"line":284,"column":7}},"96":{"start":{"line":283,"column":6},"end":{"line":283,"column":45}},"97":{"start":{"line":290,"column":0},"end":{"line":310,"column":3}},"98":{"start":{"line":293,"column":2},"end":{"line":309,"column":5}},"99":{"start":{"line":294,"column":4},"end":{"line":308,"column":5}},"100":{"start":{"line":295,"column":6},"end":{"line":295,"column":26}},"101":{"start":{"line":297,"column":6},"end":{"line":306,"column":9}},"102":{"start":{"line":305,"column":8},"end":{"line":305,"column":41}},"103":{"start":{"line":307,"column":6},"end":{"line":307,"column":26}},"104":{"start":{"line":315,"column":0},"end":{"line":351,"column":3}},"105":{"start":{"line":318,"column":2},"end":{"line":350,"column":5}},"106":{"start":{"line":319,"column":4},"end":{"line":349,"column":5}},"107":{"start":{"line":320,"column":6},"end":{"line":320,"column":26}},"108":{"start":{"line":322,"column":6},"end":{"line":348,"column":9}},"109":{"start":{"line":323,"column":8},"end":{"line":327,"column":9}},"110":{"start":{"line":324,"column":10},"end":{"line":324,"column":30}},"111":{"start":{"line":325,"column":10},"end":{"line":325,"column":30}},"112":{"start":{"line":326,"column":10},"end":{"line":326,"column":17}},"113":{"start":{"line":328,"column":8},"end":{"line":332,"column":9}},"114":{"start":{"line":329,"column":10},"end":{"line":329,"column":58}},"115":{"start":{"line":330,"column":10},"end":{"line":330,"column":76}},"116":{"start":{"line":331,"column":10},"end":{"line":331,"column":17}},"117":{"start":{"line":333,"column":8},"end":{"line":336,"column":9}},"118":{"start":{"line":334,"column":10},"end":{"line":334,"column":64}},"119":{"start":{"line":335,"column":10},"end":{"line":335,"column":17}},"120":{"start":{"line":340,"column":8},"end":{"line":346,"column":11}},"121":{"start":{"line":345,"column":10},"end":{"line":345,"column":41}},"122":{"start":{"line":347,"column":8},"end":{"line":347,"column":28}},"123":{"start":{"line":353,"column":0},"end":{"line":374,"column":3}},"124":{"start":{"line":354,"column":14},"end":{"line":354,"column":40}},"125":{"start":{"line":355,"column":14},"end":{"line":355,"column":20}},"126":{"start":{"line":356,"column":2},"end":{"line":373,"column":5}},"127":{"start":{"line":357,"column":4},"end":{"line":372,"column":5}},"128":{"start":{"line":358,"column":6},"end":{"line":360,"column":9}},"129":{"start":{"line":359,"column":8},"end":{"line":359,"column":36}},"130":{"start":{"line":361,"column":6},"end":{"line":361,"column":38}},"131":{"start":{"line":362,"column":6},"end":{"line":362,"column":56}},"132":{"start":{"line":363,"column":6},"end":{"line":367,"column":9}},"133":{"start":{"line":364,"column":8},"end":{"line":366,"column":9}},"134":{"start":{"line":365,"column":10},"end":{"line":365,"column":26}},"135":{"start":{"line":368,"column":6},"end":{"line":368,"column":103}},"136":{"start":{"line":370,"column":6},"end":{"line":370,"column":61}},"137":{"start":{"line":371,"column":6},"end":{"line":371,"column":55}},"138":{"start":{"line":376,"column":0},"end":{"line":385,"column":3}},"139":{"start":{"line":377,"column":2},"end":{"line":384,"column":5}},"140":{"start":{"line":378,"column":4},"end":{"line":383,"column":5}},"141":{"start":{"line":379,"column":6},"end":{"line":379,"column":56}},"142":{"start":{"line":380,"column":6},"end":{"line":380,"column":69}},"143":{"start":{"line":382,"column":6},"end":{"line":382,"column":44}},"144":{"start":{"line":387,"column":0},"end":{"line":403,"column":3}},"145":{"start":{"line":388,"column":2},"end":{"line":402,"column":5}},"146":{"start":{"line":389,"column":4},"end":{"line":401,"column":5}},"147":{"start":{"line":390,"column":6},"end":{"line":390,"column":56}},"148":{"start":{"line":391,"column":6},"end":{"line":391,"column":69}},"149":{"start":{"line":393,"column":6},"end":{"line":393,"column":64}},"150":{"start":{"line":394,"column":6},"end":{"line":394,"column":44}},"151":{"start":{"line":395,"column":6},"end":{"line":395,"column":42}},"152":{"start":{"line":396,"column":6},"end":{"line":398,"column":9}},"153":{"start":{"line":397,"column":8},"end":{"line":397,"column":27}},"154":{"start":{"line":400,"column":6},"end":{"line":400,"column":28}},"155":{"start":{"line":406,"column":0},"end":{"line":412,"column":3}},"156":{"start":{"line":407,"column":2},"end":{"line":411,"column":3}},"157":{"start":{"line":408,"column":4},"end":{"line":408,"column":33}},"158":{"start":{"line":410,"column":4},"end":{"line":410,"column":29}},"159":{"start":{"line":414,"column":0},"end":{"line":414,"column":24}}},"fnMap":{"0":{"name":"_interopRequireDefault","decl":{"start":{"line":19,"column":9},"end":{"line":19,"column":31}},"loc":{"start":{"line":19,"column":37},"end":{"line":19,"column":95}},"line":19},"1":{"name":"myHasher","decl":{"start":{"line":50,"column":9},"end":{"line":50,"column":17}},"loc":{"start":{"line":50,"column":68},"end":{"line":53,"column":1}},"line":50},"2":{"name":"(anonymous_2)","decl":{"start":{"line":85,"column":3},"end":{"line":85,"column":4}},"loc":{"start":{"line":85,"column":29},"end":{"line":90,"column":1}},"line":85},"3":{"name":"(anonymous_3)","decl":{"start":{"line":93,"column":42},"end":{"line":93,"column":43}},"loc":{"start":{"line":93,"column":57},"end":{"line":98,"column":1}},"line":93},"4":{"name":"(anonymous_4)","decl":{"start":{"line":101,"column":40},"end":{"line":101,"column":41}},"loc":{"start":{"line":101,"column":60},"end":{"line":104,"column":1}},"line":101},"5":{"name":"(anonymous_5)","decl":{"start":{"line":106,"column":39},"end":{"line":106,"column":40}},"loc":{"start":{"line":106,"column":59},"end":{"line":158,"column":1}},"line":106},"6":{"name":"(anonymous_6)","decl":{"start":{"line":108,"column":50},"end":{"line":108,"column":51}},"loc":{"start":{"line":108,"column":77},"end":{"line":142,"column":3}},"line":108},"7":{"name":"(anonymous_7)","decl":{"start":{"line":126,"column":26},"end":{"line":126,"column":27}},"loc":{"start":{"line":126,"column":38},"end":{"line":137,"column":7}},"line":126},"8":{"name":"(anonymous_8)","decl":{"start":{"line":129,"column":55},"end":{"line":129,"column":56}},"loc":{"start":{"line":129,"column":78},"end":{"line":134,"column":9}},"line":129},"9":{"name":"sendEmail","decl":{"start":{"line":163,"column":9},"end":{"line":163,"column":18}},"loc":{"start":{"line":163,"column":32},"end":{"line":172,"column":1}},"line":163},"10":{"name":"(anonymous_10)","decl":{"start":{"line":165,"column":36},"end":{"line":165,"column":37}},"loc":{"start":{"line":165,"column":57},"end":{"line":171,"column":3}},"line":165},"11":{"name":"(anonymous_11)","decl":{"start":{"line":183,"column":23},"end":{"line":183,"column":24}},"loc":{"start":{"line":183,"column":43},"end":{"line":254,"column":1}},"line":183},"12":{"name":"(anonymous_12)","decl":{"start":{"line":194,"column":57},"end":{"line":194,"column":58}},"loc":{"start":{"line":194,"column":78},"end":{"line":253,"column":3}},"line":194},"13":{"name":"(anonymous_13)","decl":{"start":{"line":200,"column":65},"end":{"line":200,"column":66}},"loc":{"start":{"line":200,"column":93},"end":{"line":227,"column":7}},"line":200},"14":{"name":"(anonymous_14)","decl":{"start":{"line":220,"column":30},"end":{"line":220,"column":31}},"loc":{"start":{"line":220,"column":42},"end":{"line":225,"column":11}},"line":220},"15":{"name":"(anonymous_15)","decl":{"start":{"line":256,"column":22},"end":{"line":256,"column":23}},"loc":{"start":{"line":256,"column":42},"end":{"line":286,"column":1}},"line":256},"16":{"name":"(anonymous_16)","decl":{"start":{"line":261,"column":57},"end":{"line":261,"column":58}},"loc":{"start":{"line":261,"column":78},"end":{"line":285,"column":3}},"line":261},"17":{"name":"(anonymous_17)","decl":{"start":{"line":282,"column":76},"end":{"line":282,"column":77}},"loc":{"start":{"line":282,"column":100},"end":{"line":284,"column":5}},"line":282},"18":{"name":"(anonymous_18)","decl":{"start":{"line":290,"column":30},"end":{"line":290,"column":31}},"loc":{"start":{"line":290,"column":50},"end":{"line":310,"column":1}},"line":290},"19":{"name":"(anonymous_19)","decl":{"start":{"line":293,"column":47},"end":{"line":293,"column":48}},"loc":{"start":{"line":293,"column":74},"end":{"line":309,"column":3}},"line":293},"20":{"name":"(anonymous_20)","decl":{"start":{"line":304,"column":9},"end":{"line":304,"column":10}},"loc":{"start":{"line":304,"column":26},"end":{"line":306,"column":7}},"line":304},"21":{"name":"(anonymous_21)","decl":{"start":{"line":315,"column":31},"end":{"line":315,"column":32}},"loc":{"start":{"line":315,"column":51},"end":{"line":351,"column":1}},"line":315},"22":{"name":"(anonymous_22)","decl":{"start":{"line":318,"column":47},"end":{"line":318,"column":48}},"loc":{"start":{"line":318,"column":74},"end":{"line":350,"column":3}},"line":318},"23":{"name":"(anonymous_23)","decl":{"start":{"line":322,"column":61},"end":{"line":322,"column":62}},"loc":{"start":{"line":322,"column":84},"end":{"line":348,"column":7}},"line":322},"24":{"name":"(anonymous_24)","decl":{"start":{"line":344,"column":11},"end":{"line":344,"column":12}},"loc":{"start":{"line":344,"column":28},"end":{"line":346,"column":9}},"line":344},"25":{"name":"(anonymous_25)","decl":{"start":{"line":353,"column":37},"end":{"line":353,"column":38}},"loc":{"start":{"line":353,"column":57},"end":{"line":374,"column":1}},"line":353},"26":{"name":"(anonymous_26)","decl":{"start":{"line":356,"column":50},"end":{"line":356,"column":51}},"loc":{"start":{"line":356,"column":71},"end":{"line":373,"column":3}},"line":356},"27":{"name":"(anonymous_27)","decl":{"start":{"line":358,"column":29},"end":{"line":358,"column":30}},"loc":{"start":{"line":358,"column":51},"end":{"line":360,"column":7}},"line":358},"28":{"name":"(anonymous_28)","decl":{"start":{"line":363,"column":16},"end":{"line":363,"column":17}},"loc":{"start":{"line":363,"column":30},"end":{"line":367,"column":7}},"line":363},"29":{"name":"(anonymous_29)","decl":{"start":{"line":376,"column":36},"end":{"line":376,"column":37}},"loc":{"start":{"line":376,"column":56},"end":{"line":385,"column":1}},"line":376},"30":{"name":"(anonymous_30)","decl":{"start":{"line":377,"column":67},"end":{"line":377,"column":68}},"loc":{"start":{"line":377,"column":88},"end":{"line":384,"column":3}},"line":377},"31":{"name":"(anonymous_31)","decl":{"start":{"line":387,"column":30},"end":{"line":387,"column":31}},"loc":{"start":{"line":387,"column":50},"end":{"line":403,"column":1}},"line":387},"32":{"name":"(anonymous_32)","decl":{"start":{"line":388,"column":110},"end":{"line":388,"column":111}},"loc":{"start":{"line":388,"column":131},"end":{"line":402,"column":3}},"line":388},"33":{"name":"(anonymous_33)","decl":{"start":{"line":396,"column":16},"end":{"line":396,"column":17}},"loc":{"start":{"line":396,"column":33},"end":{"line":398,"column":7}},"line":396},"34":{"name":"(anonymous_34)","decl":{"start":{"line":406,"column":16},"end":{"line":406,"column":17}},"loc":{"start":{"line":406,"column":36},"end":{"line":412,"column":1}},"line":406}},"branchMap":{"0":{"loc":{"start":{"line":19,"column":46},"end":{"line":19,"column":92}},"type":"cond-expr","locations":[{"start":{"line":19,"column":70},"end":{"line":19,"column":73}},{"start":{"line":19,"column":76},"end":{"line":19,"column":92}}],"line":19},"1":{"loc":{"start":{"line":19,"column":46},"end":{"line":19,"column":67}},"type":"binary-expr","locations":[{"start":{"line":19,"column":46},"end":{"line":19,"column":49}},{"start":{"line":19,"column":53},"end":{"line":19,"column":67}}],"line":19},"2":{"loc":{"start":{"line":86,"column":2},"end":{"line":89,"column":3}},"type":"if","locations":[{"start":{"line":86,"column":2},"end":{"line":89,"column":3}},{"start":{"line":86,"column":2},"end":{"line":89,"column":3}}],"line":86},"3":{"loc":{"start":{"line":94,"column":2},"end":{"line":97,"column":3}},"type":"if","locations":[{"start":{"line":94,"column":2},"end":{"line":97,"column":3}},{"start":{"line":94,"column":2},"end":{"line":97,"column":3}}],"line":94},"4":{"loc":{"start":{"line":109,"column":4},"end":{"line":111,"column":5}},"type":"if","locations":[{"start":{"line":109,"column":4},"end":{"line":111,"column":5}},{"start":{"line":109,"column":4},"end":{"line":111,"column":5}}],"line":109},"5":{"loc":{"start":{"line":112,"column":4},"end":{"line":141,"column":5}},"type":"if","locations":[{"start":{"line":112,"column":4},"end":{"line":141,"column":5}},{"start":{"line":112,"column":4},"end":{"line":141,"column":5}}],"line":112},"6":{"loc":{"start":{"line":130,"column":10},"end":{"line":132,"column":11}},"type":"if","locations":[{"start":{"line":130,"column":10},"end":{"line":132,"column":11}},{"start":{"line":130,"column":10},"end":{"line":132,"column":11}}],"line":130},"7":{"loc":{"start":{"line":166,"column":4},"end":{"line":170,"column":5}},"type":"if","locations":[{"start":{"line":166,"column":4},"end":{"line":170,"column":5}},{"start":{"line":166,"column":4},"end":{"line":170,"column":5}}],"line":166},"8":{"loc":{"start":{"line":195,"column":4},"end":{"line":252,"column":5}},"type":"if","locations":[{"start":{"line":195,"column":4},"end":{"line":252,"column":5}},{"start":{"line":195,"column":4},"end":{"line":252,"column":5}}],"line":195},"9":{"loc":{"start":{"line":197,"column":11},"end":{"line":252,"column":5}},"type":"if","locations":[{"start":{"line":197,"column":11},"end":{"line":252,"column":5}},{"start":{"line":197,"column":11},"end":{"line":252,"column":5}}],"line":197},"10":{"loc":{"start":{"line":201,"column":8},"end":{"line":226,"column":9}},"type":"if","locations":[{"start":{"line":201,"column":8},"end":{"line":226,"column":9}},{"start":{"line":201,"column":8},"end":{"line":226,"column":9}}],"line":201},"11":{"loc":{"start":{"line":203,"column":15},"end":{"line":226,"column":9}},"type":"if","locations":[{"start":{"line":203,"column":15},"end":{"line":226,"column":9}},{"start":{"line":203,"column":15},"end":{"line":226,"column":9}}],"line":203},"12":{"loc":{"start":{"line":262,"column":4},"end":{"line":266,"column":5}},"type":"if","locations":[{"start":{"line":262,"column":4},"end":{"line":266,"column":5}},{"start":{"line":262,"column":4},"end":{"line":266,"column":5}}],"line":262},"13":{"loc":{"start":{"line":267,"column":4},"end":{"line":270,"column":5}},"type":"if","locations":[{"start":{"line":267,"column":4},"end":{"line":270,"column":5}},{"start":{"line":267,"column":4},"end":{"line":270,"column":5}}],"line":267},"14":{"loc":{"start":{"line":271,"column":4},"end":{"line":274,"column":5}},"type":"if","locations":[{"start":{"line":271,"column":4},"end":{"line":274,"column":5}},{"start":{"line":271,"column":4},"end":{"line":274,"column":5}}],"line":271},"15":{"loc":{"start":{"line":294,"column":4},"end":{"line":308,"column":5}},"type":"if","locations":[{"start":{"line":294,"column":4},"end":{"line":308,"column":5}},{"start":{"line":294,"column":4},"end":{"line":308,"column":5}}],"line":294},"16":{"loc":{"start":{"line":319,"column":4},"end":{"line":349,"column":5}},"type":"if","locations":[{"start":{"line":319,"column":4},"end":{"line":349,"column":5}},{"start":{"line":319,"column":4},"end":{"line":349,"column":5}}],"line":319},"17":{"loc":{"start":{"line":323,"column":8},"end":{"line":327,"column":9}},"type":"if","locations":[{"start":{"line":323,"column":8},"end":{"line":327,"column":9}},{"start":{"line":323,"column":8},"end":{"line":327,"column":9}}],"line":323},"18":{"loc":{"start":{"line":328,"column":8},"end":{"line":332,"column":9}},"type":"if","locations":[{"start":{"line":328,"column":8},"end":{"line":332,"column":9}},{"start":{"line":328,"column":8},"end":{"line":332,"column":9}}],"line":328},"19":{"loc":{"start":{"line":333,"column":8},"end":{"line":336,"column":9}},"type":"if","locations":[{"start":{"line":333,"column":8},"end":{"line":336,"column":9}},{"start":{"line":333,"column":8},"end":{"line":336,"column":9}}],"line":333},"20":{"loc":{"start":{"line":357,"column":4},"end":{"line":372,"column":5}},"type":"if","locations":[{"start":{"line":357,"column":4},"end":{"line":372,"column":5}},{"start":{"line":357,"column":4},"end":{"line":372,"column":5}}],"line":357},"21":{"loc":{"start":{"line":364,"column":8},"end":{"line":366,"column":9}},"type":"if","locations":[{"start":{"line":364,"column":8},"end":{"line":366,"column":9}},{"start":{"line":364,"column":8},"end":{"line":366,"column":9}}],"line":364},"22":{"loc":{"start":{"line":378,"column":4},"end":{"line":383,"column":5}},"type":"if","locations":[{"start":{"line":378,"column":4},"end":{"line":383,"column":5}},{"start":{"line":378,"column":4},"end":{"line":383,"column":5}}],"line":378},"23":{"loc":{"start":{"line":389,"column":4},"end":{"line":401,"column":5}},"type":"if","locations":[{"start":{"line":389,"column":4},"end":{"line":401,"column":5}},{"start":{"line":389,"column":4},"end":{"line":401,"column":5}}],"line":389},"24":{"loc":{"start":{"line":407,"column":2},"end":{"line":411,"column":3}},"type":"if","locations":[{"start":{"line":407,"column":2},"end":{"line":411,"column":3}},{"start":{"line":407,"column":2},"end":{"line":411,"column":3}}],"line":407}},"s":{"0":1,"1":1,"2":1,"3":1,"4":1,"5":1,"6":1,"7":1,"8":4,"9":1,"10":1,"11":1,"12":1,"13":1,"14":1,"15":1,"16":0,"17":0,"18":1,"19":1,"20":0,"21":0,"22":1,"23":1,"24":0,"25":0,"26":1,"27":0,"28":0,"29":1,"30":0,"31":0,"32":0,"33":0,"34":0,"35":0,"36":0,"37":0,"38":0,"39":0,"40":0,"41":0,"42":0,"43":0,"44":0,"45":1,"46":0,"47":0,"48":0,"49":0,"50":0,"51":1,"52":1,"53":0,"54":0,"55":0,"56":0,"57":0,"58":0,"59":0,"60":0,"61":0,"62":0,"63":0,"64":0,"65":0,"66":0,"67":0,"68":0,"69":0,"70":0,"71":0,"72":0,"73":0,"74":0,"75":0,"76":0,"77":0,"78":0,"79":1,"80":0,"81":0,"82":0,"83":0,"84":0,"85":0,"86":0,"87":0,"88":0,"89":0,"90":0,"91":0,"92":0,"93":0,"94":0,"95":0,"96":0,"97":1,"98":0,"99":0,"100":0,"101":0,"102":0,"103":0,"104":1,"105":0,"106":0,"107":0,"108":0,"109":0,"110":0,"111":0,"112":0,"113":0,"114":0,"115":0,"116":0,"117":0,"118":0,"119":0,"120":0,"121":0,"122":0,"123":1,"124":0,"125":0,"126":0,"127":0,"128":0,"129":0,"130":0,"131":0,"132":0,"133":0,"134":0,"135":0,"136":0,"137":0,"138":1,"139":0,"140":0,"141":0,"142":0,"143":0,"144":1,"145":0,"146":0,"147":0,"148":0,"149":0,"150":0,"151":0,"152":0,"153":0,"154":0,"155":1,"156":0,"157":0,"158":0,"159":1},"f":{"0":4,"1":0,"2":1,"3":1,"4":0,"5":0,"6":0,"7":0,"8":0,"9":0,"10":0,"11":0,"12":0,"13":0,"14":0,"15":0,"16":0,"17":0,"18":0,"19":0,"20":0,"21":0,"22":0,"23":0,"24":0,"25":0,"26":0,"27":0,"28":0,"29":0,"30":0,"31":0,"32":0,"33":0,"34":0},"b":{"0":[3,1],"1":[4,4],"2":[0,1],"3":[0,1],"4":[0,0],"5":[0,0],"6":[0,0],"7":[0,0],"8":[0,0],"9":[0,0],"10":[0,0],"11":[0,0],"12":[0,0],"13":[0,0],"14":[0,0],"15":[0,0],"16":[0,0],"17":[0,0],"18":[0,0],"19":[0,0],"20":[0,0],"21":[0,0],"22":[0,0],"23":[0,0],"24":[0,0]},"_coverageSchema":"d34fc3e6b8297bcde183f5492bcb8fcb36775295","hash":"27e96d0fe370feecdc0d53ce1aaec02c5e1dc645","contentHash":"32ccb24889843210eb43fa8770d358dd"},"/Users/duncangrubbs/Documents/Github/BarterOutMain/server/models/textbook.js":{"path":"/Users/duncangrubbs/Documents/Github/BarterOutMain/server/models/textbook.js","statementMap":{"0":{"start":{"line":3,"column":0},"end":{"line":5,"column":3}},"1":{"start":{"line":7,"column":16},"end":{"line":7,"column":35}},"2":{"start":{"line":9,"column":17},"end":{"line":9,"column":50}},"3":{"start":{"line":11,"column":39},"end":{"line":11,"column":93}},"4":{"start":{"line":13,"column":13},"end":{"line":13,"column":38}},"5":{"start":{"line":15,"column":21},"end":{"line":27,"column":2}},"6":{"start":{"line":30,"column":0},"end":{"line":30,"column":103}},"7":{"start":{"line":33,"column":0},"end":{"line":33,"column":71}}},"fnMap":{"0":{"name":"_interopRequireDefault","decl":{"start":{"line":11,"column":9},"end":{"line":11,"column":31}},"loc":{"start":{"line":11,"column":37},"end":{"line":11,"column":95}},"line":11}},"branchMap":{"0":{"loc":{"start":{"line":11,"column":46},"end":{"line":11,"column":92}},"type":"cond-expr","locations":[{"start":{"line":11,"column":70},"end":{"line":11,"column":73}},{"start":{"line":11,"column":76},"end":{"line":11,"column":92}}],"line":11},"1":{"loc":{"start":{"line":11,"column":46},"end":{"line":11,"column":67}},"type":"binary-expr","locations":[{"start":{"line":11,"column":46},"end":{"line":11,"column":49}},{"start":{"line":11,"column":53},"end":{"line":11,"column":67}}],"line":11}},"s":{"0":1,"1":1,"2":1,"3":1,"4":1,"5":1,"6":1,"7":1},"f":{"0":1},"b":{"0":[0,1],"1":[1,1]},"_coverageSchema":"d34fc3e6b8297bcde183f5492bcb8fcb36775295","hash":"d0fc5388664b5914fe3fd137a5f230f7da552b39","contentHash":"1219a61659462c4c48b83711caa9dc67"},"/Users/duncangrubbs/Documents/Github/BarterOutMain/server/models/tempUser.js":{"path":"/Users/duncangrubbs/Documents/Github/BarterOutMain/server/models/tempUser.js","statementMap":{"0":{"start":{"line":3,"column":0},"end":{"line":5,"column":3}},"1":{"start":{"line":7,"column":15},"end":{"line":7,"column":55}},"2":{"start":{"line":9,"column":16},"end":{"line":9,"column":48}},"3":{"start":{"line":11,"column":16},"end":{"line":11,"column":35}},"4":{"start":{"line":13,"column":17},"end":{"line":13,"column":50}},"5":{"start":{"line":15,"column":39},"end":{"line":15,"column":93}},"6":{"start":{"line":17,"column":13},"end":{"line":17,"column":38}},"7":{"start":{"line":18,"column":13},"end":{"line":18,"column":32}},"8":{"start":{"line":19,"column":0},"end":{"line":19,"column":47}},"9":{"start":{"line":21,"column":21},"end":{"line":37,"column":2}},"10":{"start":{"line":40,"column":0},"end":{"line":49,"column":2}},"11":{"start":{"line":42,"column":4},"end":{"line":42,"column":60}},"12":{"start":{"line":45,"column":4},"end":{"line":45,"column":50}},"13":{"start":{"line":49,"column":2},"end":{"line":61,"column":3}},"14":{"start":{"line":50,"column":2},"end":{"line":60,"column":3}},"15":{"start":{"line":51,"column":4},"end":{"line":51,"column":69}},"16":{"start":{"line":53,"column":4},"end":{"line":53,"column":11}},"17":{"start":{"line":55,"column":4},"end":{"line":55,"column":63}},"18":{"start":{"line":57,"column":4},"end":{"line":57,"column":53}},"19":{"start":{"line":58,"column":4},"end":{"line":58,"column":31}},"20":{"start":{"line":59,"column":4},"end":{"line":59,"column":11}},"21":{"start":{"line":63,"column":0},"end":{"line":63,"column":71}}},"fnMap":{"0":{"name":"_interopRequireDefault","decl":{"start":{"line":15,"column":9},"end":{"line":15,"column":31}},"loc":{"start":{"line":15,"column":37},"end":{"line":15,"column":95}},"line":15},"1":{"name":"checkPassword","decl":{"start":{"line":41,"column":26},"end":{"line":41,"column":39}},"loc":{"start":{"line":41,"column":55},"end":{"line":43,"column":3}},"line":41},"2":{"name":"hashPassword","decl":{"start":{"line":44,"column":25},"end":{"line":44,"column":37}},"loc":{"start":{"line":44,"column":57},"end":{"line":46,"column":3}},"line":44},"3":{"name":"(anonymous_3)","decl":{"start":{"line":49,"column":29},"end":{"line":49,"column":30}},"loc":{"start":{"line":49,"column":45},"end":{"line":61,"column":1}},"line":49}},"branchMap":{"0":{"loc":{"start":{"line":15,"column":46},"end":{"line":15,"column":92}},"type":"cond-expr","locations":[{"start":{"line":15,"column":70},"end":{"line":15,"column":73}},{"start":{"line":15,"column":76},"end":{"line":15,"column":92}}],"line":15},"1":{"loc":{"start":{"line":15,"column":46},"end":{"line":15,"column":67}},"type":"binary-expr","locations":[{"start":{"line":15,"column":46},"end":{"line":15,"column":49}},{"start":{"line":15,"column":53},"end":{"line":15,"column":67}}],"line":15},"2":{"loc":{"start":{"line":50,"column":2},"end":{"line":60,"column":3}},"type":"if","locations":[{"start":{"line":50,"column":2},"end":{"line":60,"column":3}},{"start":{"line":50,"column":2},"end":{"line":60,"column":3}}],"line":50}},"s":{"0":1,"1":1,"2":1,"3":1,"4":1,"5":2,"6":1,"7":1,"8":1,"9":1,"10":1,"11":0,"12":0,"13":1,"14":0,"15":0,"16":0,"17":0,"18":0,"19":0,"20":0,"21":1},"f":{"0":2,"1":0,"2":0,"3":0},"b":{"0":[1,1],"1":[2,2],"2":[0,0]},"_coverageSchema":"d34fc3e6b8297bcde183f5492bcb8fcb36775295","hash":"1210d2e5a537506fdedf80d947ea3beabc7b4e4e","contentHash":"55e80440e886f12833bb1233e3be2cf5"},"/Users/duncangrubbs/Documents/Github/BarterOutMain/server/emails/emailFunctions.js":{"path":"/Users/duncangrubbs/Documents/Github/BarterOutMain/server/emails/emailFunctions.js","statementMap":{"0":{"start":{"line":3,"column":0},"end":{"line":110,"column":2}},"1":{"start":{"line":6,"column":4},"end":{"line":17,"column":6}},"2":{"start":{"line":22,"column":4},"end":{"line":33,"column":6}},"3":{"start":{"line":37,"column":4},"end":{"line":48,"column":6}},"4":{"start":{"line":53,"column":4},"end":{"line":64,"column":6}},"5":{"start":{"line":67,"column":4},"end":{"line":78,"column":6}},"6":{"start":{"line":82,"column":4},"end":{"line":93,"column":6}},"7":{"start":{"line":97,"column":4},"end":{"line":108,"column":6}}},"fnMap":{"0":{"name":"matchFoundEmail","decl":{"start":{"line":5,"column":28},"end":{"line":5,"column":43}},"loc":{"start":{"line":5,"column":75},"end":{"line":18,"column":3}},"line":5},"1":{"name":"emailToSeller","decl":{"start":{"line":21,"column":26},"end":{"line":21,"column":39}},"loc":{"start":{"line":21,"column":71},"end":{"line":34,"column":3}},"line":21},"2":{"name":"venmoRequestEmail","decl":{"start":{"line":36,"column":30},"end":{"line":36,"column":47}},"loc":{"start":{"line":36,"column":79},"end":{"line":49,"column":3}},"line":36},"3":{"name":"emailForUs","decl":{"start":{"line":52,"column":23},"end":{"line":52,"column":33}},"loc":{"start":{"line":52,"column":68},"end":{"line":65,"column":3}},"line":52},"4":{"name":"verifyEmail","decl":{"start":{"line":66,"column":24},"end":{"line":66,"column":35}},"loc":{"start":{"line":66,"column":61},"end":{"line":79,"column":3}},"line":66},"5":{"name":"signedUpEmail","decl":{"start":{"line":81,"column":26},"end":{"line":81,"column":39}},"loc":{"start":{"line":81,"column":60},"end":{"line":94,"column":3}},"line":81},"6":{"name":"passwordResetEmail","decl":{"start":{"line":96,"column":31},"end":{"line":96,"column":49}},"loc":{"start":{"line":96,"column":75},"end":{"line":109,"column":3}},"line":96}},"branchMap":{},"s":{"0":1,"1":0,"2":0,"3":0,"4":0,"5":0,"6":0,"7":0},"f":{"0":0,"1":0,"2":0,"3":0,"4":0,"5":0,"6":0},"b":{},"_coverageSchema":"d34fc3e6b8297bcde183f5492bcb8fcb36775295","hash":"31ce6b85ef14f35d66742c7afe1104ecd5cd4854","contentHash":"3d932d1836897ef35f880f01c13df79b"},"/Users/duncangrubbs/Documents/Github/BarterOutMain/server/routes/user.js":{"path":"/Users/duncangrubbs/Documents/Github/BarterOutMain/server/routes/user.js","statementMap":{"0":{"start":{"line":3,"column":16},"end":{"line":3,"column":45}},"1":{"start":{"line":5,"column":17},"end":{"line":5,"column":50}},"2":{"start":{"line":7,"column":12},"end":{"line":7,"column":37}},"3":{"start":{"line":9,"column":13},"end":{"line":9,"column":42}},"4":{"start":{"line":11,"column":39},"end":{"line":11,"column":93}},"5":{"start":{"line":13,"column":10},"end":{"line":13,"column":33}},"6":{"start":{"line":15,"column":14},"end":{"line":15,"column":32}},"7":{"start":{"line":17,"column":13},"end":{"line":17,"column":29}},"8":{"start":{"line":24,"column":0},"end":{"line":39,"column":3}},"9":{"start":{"line":25,"column":2},"end":{"line":38,"column":5}},"10":{"start":{"line":26,"column":4},"end":{"line":37,"column":5}},"11":{"start":{"line":27,"column":6},"end":{"line":27,"column":26}},"12":{"start":{"line":29,"column":6},"end":{"line":36,"column":9}},"13":{"start":{"line":30,"column":26},"end":{"line":30,"column":28}},"14":{"start":{"line":31,"column":22},"end":{"line":31,"column":31}},"15":{"start":{"line":32,"column":8},"end":{"line":35,"column":11}},"16":{"start":{"line":33,"column":10},"end":{"line":33,"column":30}},"17":{"start":{"line":34,"column":10},"end":{"line":34,"column":44}},"18":{"start":{"line":47,"column":0},"end":{"line":63,"column":3}},"19":{"start":{"line":48,"column":2},"end":{"line":61,"column":5}},"20":{"start":{"line":49,"column":4},"end":{"line":60,"column":5}},"21":{"start":{"line":50,"column":6},"end":{"line":50,"column":26}},"22":{"start":{"line":52,"column":16},"end":{"line":52,"column":38}},"23":{"start":{"line":53,"column":6},"end":{"line":59,"column":9}},"24":{"start":{"line":58,"column":8},"end":{"line":58,"column":41}},"25":{"start":{"line":62,"column":2},"end":{"line":62,"column":22}},"26":{"start":{"line":71,"column":0},"end":{"line":93,"column":3}},"27":{"start":{"line":72,"column":2},"end":{"line":92,"column":5}},"28":{"start":{"line":73,"column":4},"end":{"line":91,"column":5}},"29":{"start":{"line":74,"column":6},"end":{"line":74,"column":26}},"30":{"start":{"line":76,"column":6},"end":{"line":90,"column":9}},"31":{"start":{"line":77,"column":8},"end":{"line":81,"column":9}},"32":{"start":{"line":78,"column":10},"end":{"line":80,"column":11}},"33":{"start":{"line":79,"column":12},"end":{"line":79,"column":35}},"34":{"start":{"line":82,"column":8},"end":{"line":88,"column":11}},"35":{"start":{"line":87,"column":10},"end":{"line":87,"column":41}},"36":{"start":{"line":89,"column":8},"end":{"line":89,"column":28}},"37":{"start":{"line":96,"column":0},"end":{"line":112,"column":3}},"38":{"start":{"line":97,"column":2},"end":{"line":110,"column":5}},"39":{"start":{"line":98,"column":4},"end":{"line":109,"column":5}},"40":{"start":{"line":99,"column":6},"end":{"line":99,"column":26}},"41":{"start":{"line":101,"column":6},"end":{"line":107,"column":9}},"42":{"start":{"line":106,"column":8},"end":{"line":106,"column":39}},"43":{"start":{"line":108,"column":6},"end":{"line":108,"column":26}},"44":{"start":{"line":111,"column":2},"end":{"line":111,"column":22}},"45":{"start":{"line":119,"column":0},"end":{"line":131,"column":3}},"46":{"start":{"line":120,"column":2},"end":{"line":130,"column":5}},"47":{"start":{"line":121,"column":4},"end":{"line":129,"column":5}},"48":{"start":{"line":122,"column":6},"end":{"line":122,"column":26}},"49":{"start":{"line":124,"column":6},"end":{"line":128,"column":9}},"50":{"start":{"line":127,"column":8},"end":{"line":127,"column":41}},"51":{"start":{"line":138,"column":0},"end":{"line":150,"column":3}},"52":{"start":{"line":139,"column":2},"end":{"line":149,"column":5}},"53":{"start":{"line":140,"column":4},"end":{"line":148,"column":5}},"54":{"start":{"line":141,"column":6},"end":{"line":141,"column":26}},"55":{"start":{"line":143,"column":6},"end":{"line":147,"column":9}},"56":{"start":{"line":146,"column":8},"end":{"line":146,"column":41}},"57":{"start":{"line":157,"column":0},"end":{"line":167,"column":3}},"58":{"start":{"line":158,"column":2},"end":{"line":166,"column":5}},"59":{"start":{"line":159,"column":4},"end":{"line":165,"column":5}},"60":{"start":{"line":160,"column":6},"end":{"line":160,"column":26}},"61":{"start":{"line":162,"column":6},"end":{"line":164,"column":9}},"62":{"start":{"line":163,"column":8},"end":{"line":163,"column":49}},"63":{"start":{"line":174,"column":0},"end":{"line":188,"column":3}},"64":{"start":{"line":175,"column":2},"end":{"line":187,"column":5}},"65":{"start":{"line":176,"column":4},"end":{"line":186,"column":5}},"66":{"start":{"line":177,"column":6},"end":{"line":177,"column":26}},"67":{"start":{"line":179,"column":6},"end":{"line":185,"column":9}},"68":{"start":{"line":180,"column":8},"end":{"line":184,"column":11}},"69":{"start":{"line":190,"column":0},"end":{"line":217,"column":3}},"70":{"start":{"line":191,"column":2},"end":{"line":216,"column":5}},"71":{"start":{"line":192,"column":4},"end":{"line":215,"column":5}},"72":{"start":{"line":193,"column":6},"end":{"line":193,"column":25}},"73":{"start":{"line":194,"column":6},"end":{"line":194,"column":26}},"74":{"start":{"line":196,"column":6},"end":{"line":214,"column":9}},"75":{"start":{"line":197,"column":8},"end":{"line":213,"column":9}},"76":{"start":{"line":198,"column":10},"end":{"line":198,"column":30}},"77":{"start":{"line":200,"column":27},"end":{"line":209,"column":11}},"78":{"start":{"line":210,"column":10},"end":{"line":212,"column":13}},"79":{"start":{"line":220,"column":0},"end":{"line":226,"column":3}},"80":{"start":{"line":221,"column":2},"end":{"line":225,"column":3}},"81":{"start":{"line":222,"column":4},"end":{"line":222,"column":33}},"82":{"start":{"line":224,"column":4},"end":{"line":224,"column":29}},"83":{"start":{"line":228,"column":0},"end":{"line":228,"column":24}}},"fnMap":{"0":{"name":"_interopRequireDefault","decl":{"start":{"line":11,"column":9},"end":{"line":11,"column":31}},"loc":{"start":{"line":11,"column":37},"end":{"line":11,"column":95}},"line":11},"1":{"name":"(anonymous_1)","decl":{"start":{"line":24,"column":35},"end":{"line":24,"column":36}},"loc":{"start":{"line":24,"column":55},"end":{"line":39,"column":1}},"line":24},"2":{"name":"(anonymous_2)","decl":{"start":{"line":25,"column":44},"end":{"line":25,"column":45}},"loc":{"start":{"line":25,"column":71},"end":{"line":38,"column":3}},"line":25},"3":{"name":"(anonymous_3)","decl":{"start":{"line":29,"column":61},"end":{"line":29,"column":62}},"loc":{"start":{"line":29,"column":82},"end":{"line":36,"column":7}},"line":29},"4":{"name":"(anonymous_4)","decl":{"start":{"line":32,"column":86},"end":{"line":32,"column":87}},"loc":{"start":{"line":32,"column":110},"end":{"line":35,"column":9}},"line":32},"5":{"name":"(anonymous_5)","decl":{"start":{"line":47,"column":26},"end":{"line":47,"column":27}},"loc":{"start":{"line":47,"column":46},"end":{"line":63,"column":1}},"line":47},"6":{"name":"(anonymous_6)","decl":{"start":{"line":48,"column":47},"end":{"line":48,"column":48}},"loc":{"start":{"line":48,"column":74},"end":{"line":61,"column":3}},"line":48},"7":{"name":"(anonymous_7)","decl":{"start":{"line":57,"column":9},"end":{"line":57,"column":10}},"loc":{"start":{"line":57,"column":26},"end":{"line":59,"column":7}},"line":57},"8":{"name":"(anonymous_8)","decl":{"start":{"line":71,"column":31},"end":{"line":71,"column":32}},"loc":{"start":{"line":71,"column":51},"end":{"line":93,"column":1}},"line":71},"9":{"name":"(anonymous_9)","decl":{"start":{"line":72,"column":47},"end":{"line":72,"column":48}},"loc":{"start":{"line":72,"column":74},"end":{"line":92,"column":3}},"line":72},"10":{"name":"(anonymous_10)","decl":{"start":{"line":76,"column":61},"end":{"line":76,"column":62}},"loc":{"start":{"line":76,"column":82},"end":{"line":90,"column":7}},"line":76},"11":{"name":"(anonymous_11)","decl":{"start":{"line":86,"column":11},"end":{"line":86,"column":12}},"loc":{"start":{"line":86,"column":28},"end":{"line":88,"column":9}},"line":86},"12":{"name":"(anonymous_12)","decl":{"start":{"line":96,"column":26},"end":{"line":96,"column":27}},"loc":{"start":{"line":96,"column":46},"end":{"line":112,"column":1}},"line":96},"13":{"name":"(anonymous_13)","decl":{"start":{"line":97,"column":47},"end":{"line":97,"column":48}},"loc":{"start":{"line":97,"column":74},"end":{"line":110,"column":3}},"line":97},"14":{"name":"(anonymous_14)","decl":{"start":{"line":105,"column":9},"end":{"line":105,"column":10}},"loc":{"start":{"line":105,"column":26},"end":{"line":107,"column":7}},"line":105},"15":{"name":"(anonymous_15)","decl":{"start":{"line":119,"column":34},"end":{"line":119,"column":35}},"loc":{"start":{"line":119,"column":54},"end":{"line":131,"column":1}},"line":119},"16":{"name":"(anonymous_16)","decl":{"start":{"line":120,"column":47},"end":{"line":120,"column":48}},"loc":{"start":{"line":120,"column":74},"end":{"line":130,"column":3}},"line":120},"17":{"name":"(anonymous_17)","decl":{"start":{"line":126,"column":9},"end":{"line":126,"column":10}},"loc":{"start":{"line":126,"column":36},"end":{"line":128,"column":7}},"line":126},"18":{"name":"(anonymous_18)","decl":{"start":{"line":138,"column":29},"end":{"line":138,"column":30}},"loc":{"start":{"line":138,"column":49},"end":{"line":150,"column":1}},"line":138},"19":{"name":"(anonymous_19)","decl":{"start":{"line":139,"column":47},"end":{"line":139,"column":48}},"loc":{"start":{"line":139,"column":74},"end":{"line":149,"column":3}},"line":139},"20":{"name":"(anonymous_20)","decl":{"start":{"line":145,"column":9},"end":{"line":145,"column":10}},"loc":{"start":{"line":145,"column":36},"end":{"line":147,"column":7}},"line":145},"21":{"name":"(anonymous_21)","decl":{"start":{"line":157,"column":39},"end":{"line":157,"column":40}},"loc":{"start":{"line":157,"column":59},"end":{"line":167,"column":1}},"line":157},"22":{"name":"(anonymous_22)","decl":{"start":{"line":158,"column":44},"end":{"line":158,"column":45}},"loc":{"start":{"line":158,"column":71},"end":{"line":166,"column":3}},"line":158},"23":{"name":"(anonymous_23)","decl":{"start":{"line":162,"column":61},"end":{"line":162,"column":62}},"loc":{"start":{"line":162,"column":82},"end":{"line":164,"column":7}},"line":162},"24":{"name":"(anonymous_24)","decl":{"start":{"line":174,"column":40},"end":{"line":174,"column":41}},"loc":{"start":{"line":174,"column":60},"end":{"line":188,"column":1}},"line":174},"25":{"name":"(anonymous_25)","decl":{"start":{"line":175,"column":44},"end":{"line":175,"column":45}},"loc":{"start":{"line":175,"column":71},"end":{"line":187,"column":3}},"line":175},"26":{"name":"(anonymous_26)","decl":{"start":{"line":179,"column":61},"end":{"line":179,"column":62}},"loc":{"start":{"line":179,"column":82},"end":{"line":185,"column":7}},"line":179},"27":{"name":"(anonymous_27)","decl":{"start":{"line":190,"column":34},"end":{"line":190,"column":35}},"loc":{"start":{"line":190,"column":54},"end":{"line":217,"column":1}},"line":190},"28":{"name":"(anonymous_28)","decl":{"start":{"line":191,"column":44},"end":{"line":191,"column":45}},"loc":{"start":{"line":191,"column":69},"end":{"line":216,"column":3}},"line":191},"29":{"name":"(anonymous_29)","decl":{"start":{"line":196,"column":61},"end":{"line":196,"column":62}},"loc":{"start":{"line":196,"column":84},"end":{"line":214,"column":7}},"line":196},"30":{"name":"(anonymous_30)","decl":{"start":{"line":220,"column":16},"end":{"line":220,"column":17}},"loc":{"start":{"line":220,"column":36},"end":{"line":226,"column":1}},"line":220}},"branchMap":{"0":{"loc":{"start":{"line":11,"column":46},"end":{"line":11,"column":92}},"type":"cond-expr","locations":[{"start":{"line":11,"column":70},"end":{"line":11,"column":73}},{"start":{"line":11,"column":76},"end":{"line":11,"column":92}}],"line":11},"1":{"loc":{"start":{"line":11,"column":46},"end":{"line":11,"column":67}},"type":"binary-expr","locations":[{"start":{"line":11,"column":46},"end":{"line":11,"column":49}},{"start":{"line":11,"column":53},"end":{"line":11,"column":67}}],"line":11},"2":{"loc":{"start":{"line":26,"column":4},"end":{"line":37,"column":5}},"type":"if","locations":[{"start":{"line":26,"column":4},"end":{"line":37,"column":5}},{"start":{"line":26,"column":4},"end":{"line":37,"column":5}}],"line":26},"3":{"loc":{"start":{"line":49,"column":4},"end":{"line":60,"column":5}},"type":"if","locations":[{"start":{"line":49,"column":4},"end":{"line":60,"column":5}},{"start":{"line":49,"column":4},"end":{"line":60,"column":5}}],"line":49},"4":{"loc":{"start":{"line":73,"column":4},"end":{"line":91,"column":5}},"type":"if","locations":[{"start":{"line":73,"column":4},"end":{"line":91,"column":5}},{"start":{"line":73,"column":4},"end":{"line":91,"column":5}}],"line":73},"5":{"loc":{"start":{"line":78,"column":10},"end":{"line":80,"column":11}},"type":"if","locations":[{"start":{"line":78,"column":10},"end":{"line":80,"column":11}},{"start":{"line":78,"column":10},"end":{"line":80,"column":11}}],"line":78},"6":{"loc":{"start":{"line":98,"column":4},"end":{"line":109,"column":5}},"type":"if","locations":[{"start":{"line":98,"column":4},"end":{"line":109,"column":5}},{"start":{"line":98,"column":4},"end":{"line":109,"column":5}}],"line":98},"7":{"loc":{"start":{"line":121,"column":4},"end":{"line":129,"column":5}},"type":"if","locations":[{"start":{"line":121,"column":4},"end":{"line":129,"column":5}},{"start":{"line":121,"column":4},"end":{"line":129,"column":5}}],"line":121},"8":{"loc":{"start":{"line":140,"column":4},"end":{"line":148,"column":5}},"type":"if","locations":[{"start":{"line":140,"column":4},"end":{"line":148,"column":5}},{"start":{"line":140,"column":4},"end":{"line":148,"column":5}}],"line":140},"9":{"loc":{"start":{"line":159,"column":4},"end":{"line":165,"column":5}},"type":"if","locations":[{"start":{"line":159,"column":4},"end":{"line":165,"column":5}},{"start":{"line":159,"column":4},"end":{"line":165,"column":5}}],"line":159},"10":{"loc":{"start":{"line":176,"column":4},"end":{"line":186,"column":5}},"type":"if","locations":[{"start":{"line":176,"column":4},"end":{"line":186,"column":5}},{"start":{"line":176,"column":4},"end":{"line":186,"column":5}}],"line":176},"11":{"loc":{"start":{"line":192,"column":4},"end":{"line":215,"column":5}},"type":"if","locations":[{"start":{"line":192,"column":4},"end":{"line":215,"column":5}},{"start":{"line":192,"column":4},"end":{"line":215,"column":5}}],"line":192},"12":{"loc":{"start":{"line":197,"column":8},"end":{"line":213,"column":9}},"type":"if","locations":[{"start":{"line":197,"column":8},"end":{"line":213,"column":9}},{"start":{"line":197,"column":8},"end":{"line":213,"column":9}}],"line":197},"13":{"loc":{"start":{"line":221,"column":2},"end":{"line":225,"column":3}},"type":"if","locations":[{"start":{"line":221,"column":2},"end":{"line":225,"column":3}},{"start":{"line":221,"column":2},"end":{"line":225,"column":3}}],"line":221}},"s":{"0":1,"1":1,"2":1,"3":1,"4":2,"5":1,"6":1,"7":1,"8":1,"9":0,"10":0,"11":0,"12":0,"13":0,"14":0,"15":0,"16":0,"17":0,"18":1,"19":0,"20":0,"21":0,"22":0,"23":0,"24":0,"25":0,"26":1,"27":0,"28":0,"29":0,"30":0,"31":0,"32":0,"33":0,"34":0,"35":0,"36":0,"37":1,"38":0,"39":0,"40":0,"41":0,"42":0,"43":0,"44":0,"45":1,"46":0,"47":0,"48":0,"49":0,"50":0,"51":1,"52":0,"53":0,"54":0,"55":0,"56":0,"57":1,"58":0,"59":0,"60":0,"61":0,"62":0,"63":1,"64":0,"65":0,"66":0,"67":0,"68":0,"69":1,"70":0,"71":0,"72":0,"73":0,"74":0,"75":0,"76":0,"77":0,"78":0,"79":1,"80":0,"81":0,"82":0,"83":1},"f":{"0":2,"1":0,"2":0,"3":0,"4":0,"5":0,"6":0,"7":0,"8":0,"9":0,"10":0,"11":0,"12":0,"13":0,"14":0,"15":0,"16":0,"17":0,"18":0,"19":0,"20":0,"21":0,"22":0,"23":0,"24":0,"25":0,"26":0,"27":0,"28":0,"29":0,"30":0},"b":{"0":[2,0],"1":[2,2],"2":[0,0],"3":[0,0],"4":[0,0],"5":[0,0],"6":[0,0],"7":[0,0],"8":[0,0],"9":[0,0],"10":[0,0],"11":[0,0],"12":[0,0],"13":[0,0]},"_coverageSchema":"d34fc3e6b8297bcde183f5492bcb8fcb36775295","hash":"1c5702cf5b4fa8331bda43b09f20616885eb7ae6","contentHash":"ed45659ca28b634f599b03ea62e149eb"},"/Users/duncangrubbs/Documents/Github/BarterOutMain/server/routes/books.js":{"path":"/Users/duncangrubbs/Documents/Github/BarterOutMain/server/routes/books.js","statementMap":{"0":{"start":{"line":3,"column":16},"end":{"line":3,"column":45}},"1":{"start":{"line":5,"column":17},"end":{"line":5,"column":50}},"2":{"start":{"line":7,"column":19},"end":{"line":7,"column":51}},"3":{"start":{"line":9,"column":20},"end":{"line":9,"column":56}},"4":{"start":{"line":11,"column":12},"end":{"line":11,"column":37}},"5":{"start":{"line":13,"column":13},"end":{"line":13,"column":42}},"6":{"start":{"line":15,"column":39},"end":{"line":15,"column":93}},"7":{"start":{"line":17,"column":14},"end":{"line":17,"column":32}},"8":{"start":{"line":24,"column":13},"end":{"line":24,"column":29}},"9":{"start":{"line":26,"column":17},"end":{"line":26,"column":38}},"10":{"start":{"line":28,"column":13},"end":{"line":28,"column":48}},"11":{"start":{"line":30,"column":19},"end":{"line":30,"column":46}},"12":{"start":{"line":32,"column":10},"end":{"line":32,"column":33}},"13":{"start":{"line":34,"column":18},"end":{"line":41,"column":2}},"14":{"start":{"line":44,"column":2},"end":{"line":44,"column":36}},"15":{"start":{"line":45,"column":2},"end":{"line":51,"column":5}},"16":{"start":{"line":46,"column":4},"end":{"line":50,"column":5}},"17":{"start":{"line":47,"column":6},"end":{"line":47,"column":25}},"18":{"start":{"line":49,"column":6},"end":{"line":49,"column":25}},"19":{"start":{"line":60,"column":0},"end":{"line":117,"column":3}},"20":{"start":{"line":61,"column":2},"end":{"line":116,"column":5}},"21":{"start":{"line":62,"column":4},"end":{"line":115,"column":5}},"22":{"start":{"line":63,"column":6},"end":{"line":63,"column":26}},"23":{"start":{"line":65,"column":6},"end":{"line":114,"column":9}},"24":{"start":{"line":66,"column":8},"end":{"line":113,"column":9}},"25":{"start":{"line":67,"column":10},"end":{"line":67,"column":75}},"26":{"start":{"line":68,"column":15},"end":{"line":113,"column":9}},"27":{"start":{"line":69,"column":10},"end":{"line":69,"column":36}},"28":{"start":{"line":71,"column":10},"end":{"line":71,"column":43}},"29":{"start":{"line":72,"column":24},"end":{"line":72,"column":61}},"30":{"start":{"line":73,"column":10},"end":{"line":112,"column":13}},"31":{"start":{"line":74,"column":12},"end":{"line":74,"column":44}},"32":{"start":{"line":75,"column":28},"end":{"line":75,"column":39}},"33":{"start":{"line":77,"column":12},"end":{"line":83,"column":15}},"34":{"start":{"line":82,"column":14},"end":{"line":82,"column":47}},"35":{"start":{"line":87,"column":12},"end":{"line":108,"column":15}},"36":{"start":{"line":90,"column":14},"end":{"line":93,"column":15}},"37":{"start":{"line":91,"column":16},"end":{"line":91,"column":41}},"38":{"start":{"line":92,"column":16},"end":{"line":92,"column":23}},"39":{"start":{"line":94,"column":14},"end":{"line":107,"column":17}},"40":{"start":{"line":95,"column":16},"end":{"line":97,"column":19}},"41":{"start":{"line":98,"column":16},"end":{"line":106,"column":19}},"42":{"start":{"line":99,"column":18},"end":{"line":102,"column":19}},"43":{"start":{"line":100,"column":20},"end":{"line":100,"column":42}},"44":{"start":{"line":101,"column":20},"end":{"line":101,"column":27}},"45":{"start":{"line":103,"column":30},"end":{"line":103,"column":57}},"46":{"start":{"line":104,"column":34},"end":{"line":104,"column":58}},"47":{"start":{"line":105,"column":18},"end":{"line":105,"column":88}},"48":{"start":{"line":109,"column":12},"end":{"line":109,"column":35}},"49":{"start":{"line":111,"column":12},"end":{"line":111,"column":36}},"50":{"start":{"line":125,"column":0},"end":{"line":183,"column":3}},"51":{"start":{"line":126,"column":13},"end":{"line":126,"column":34}},"52":{"start":{"line":127,"column":14},"end":{"line":127,"column":33}},"53":{"start":{"line":128,"column":2},"end":{"line":182,"column":5}},"54":{"start":{"line":129,"column":4},"end":{"line":180,"column":5}},"55":{"start":{"line":130,"column":6},"end":{"line":130,"column":26}},"56":{"start":{"line":132,"column":6},"end":{"line":179,"column":9}},"57":{"start":{"line":133,"column":8},"end":{"line":178,"column":9}},"58":{"start":{"line":134,"column":10},"end":{"line":134,"column":75}},"59":{"start":{"line":136,"column":10},"end":{"line":136,"column":51}},"60":{"start":{"line":138,"column":10},"end":{"line":138,"column":33}},"61":{"start":{"line":139,"column":24},"end":{"line":139,"column":55}},"62":{"start":{"line":140,"column":10},"end":{"line":177,"column":13}},"63":{"start":{"line":141,"column":12},"end":{"line":141,"column":49}},"64":{"start":{"line":143,"column":12},"end":{"line":149,"column":15}},"65":{"start":{"line":148,"column":14},"end":{"line":148,"column":47}},"66":{"start":{"line":151,"column":12},"end":{"line":174,"column":15}},"67":{"start":{"line":154,"column":14},"end":{"line":154,"column":57}},"68":{"start":{"line":156,"column":29},"end":{"line":156,"column":31}},"69":{"start":{"line":157,"column":14},"end":{"line":159,"column":17}},"70":{"start":{"line":158,"column":16},"end":{"line":158,"column":40}}
[...]
,"column":31},"end":{"line":359,"column":7}},"line":353},"49":{"name":"(anonymous_49)","decl":{"start":{"line":355,"column":22},"end":{"line":355,"column":23}},"loc":{"start":{"line":355,"column":38},"end":{"line":357,"column":9}},"line":355},"50":{"name":"(anonymous_50)","decl":{"start":{"line":369,"column":36},"end":{"line":369,"column":37}},"loc":{"start":{"line":369,"column":56},"end":{"line":385,"column":1}},"line":369},"51":{"name":"(anonymous_51)","decl":{"start":{"line":370,"column":44},"end":{"line":370,"column":45}},"loc":{"start":{"line":370,"column":69},"end":{"line":384,"column":3}},"line":370},"52":{"name":"(anonymous_52)","decl":{"start":{"line":376,"column":9},"end":{"line":376,"column":10}},"loc":{"start":{"line":376,"column":31},"end":{"line":382,"column":7}},"line":376},"53":{"name":"(anonymous_53)","decl":{"start":{"line":378,"column":22},"end":{"line":378,"column":23}},"loc":{"start":{"line":378,"column":38},"end":{"line":380,"column":9}},"line":378},"54":{"name":"(anonymous_54)","decl":{"start":{"line":393,"column":28},"end":{"line":393,"column":29}},"loc":{"start":{"line":393,"column":48},"end":{"line":409,"column":1}},"line":393},"55":{"name":"(anonymous_55)","decl":{"start":{"line":394,"column":47},"end":{"line":394,"column":48}},"loc":{"start":{"line":394,"column":72},"end":{"line":408,"column":3}},"line":394},"56":{"name":"(anonymous_56)","decl":{"start":{"line":400,"column":9},"end":{"line":400,"column":10}},"loc":{"start":{"line":400,"column":26},"end":{"line":406,"column":7}},"line":400},"57":{"name":"(anonymous_57)","decl":{"start":{"line":418,"column":34},"end":{"line":418,"column":35}},"loc":{"start":{"line":418,"column":54},"end":{"line":436,"column":1}},"line":418},"58":{"name":"(anonymous_58)","decl":{"start":{"line":419,"column":44},"end":{"line":419,"column":45}},"loc":{"start":{"line":419,"column":69},"end":{"line":435,"column":3}},"line":419},"59":{"name":"(anonymous_59)","decl":{"start":{"line":423,"column":61},"end":{"line":423,"column":62}},"loc":{"start":{"line":423,"column":84},"end":{"line":433,"column":7}},"line":423},"60":{"name":"(anonymous_60)","decl":{"start":{"line":429,"column":13},"end":{"line":429,"column":14}},"loc":{"start":{"line":429,"column":35},"end":{"line":431,"column":11}},"line":429},"61":{"name":"(anonymous_61)","decl":{"start":{"line":438,"column":16},"end":{"line":438,"column":17}},"loc":{"start":{"line":438,"column":36},"end":{"line":444,"column":1}},"line":438}},"branchMap":{"0":{"loc":{"start":{"line":15,"column":46},"end":{"line":15,"column":92}},"type":"cond-expr","locations":[{"start":{"line":15,"column":70},"end":{"line":15,"column":73}},{"start":{"line":15,"column":76},"end":{"line":15,"column":92}}],"line":15},"1":{"loc":{"start":{"line":15,"column":46},"end":{"line":15,"column":67}},"type":"binary-expr","locations":[{"start":{"line":15,"column":46},"end":{"line":15,"column":49}},{"start":{"line":15,"column":53},"end":{"line":15,"column":67}}],"line":15},"2":{"loc":{"start":{"line":46,"column":4},"end":{"line":50,"column":5}},"type":"if","locations":[{"start":{"line":46,"column":4},"end":{"line":50,"column":5}},{"start":{"line":46,"column":4},"end":{"line":50,"column":5}}],"line":46},"3":{"loc":{"start":{"line":62,"column":4},"end":{"line":115,"column":5}},"type":"if","locations":[{"start":{"line":62,"column":4},"end":{"line":115,"column":5}},{"start":{"line":62,"column":4},"end":{"line":115,"column":5}}],"line":62},"4":{"loc":{"start":{"line":66,"column":8},"end":{"line":113,"column":9}},"type":"if","locations":[{"start":{"line":66,"column":8},"end":{"line":113,"column":9}},{"start":{"line":66,"column":8},"end":{"line":113,"column":9}}],"line":66},"5":{"loc":{"start":{"line":68,"column":15},"end":{"line":113,"column":9}},"type":"if","locations":[{"start":{"line":68,"column":15},"end":{"line":113,"column":9}},{"start":{"line":68,"column":15},"end":{"line":113,"column":9}}],"line":68},"6":{"loc":{"start":{"line":90,"column":14},"end":{"line":93,"column":15}},"type":"if","locations":[{"start":{"line":90,"column":14},"end":{"line":93,"column":15}},{"start":{"line":90,"column":14},"end":{"line":93,"column":15}}],"line":90},"7":{"loc":{"start":{"line":99,"column":18},"end":{"line":102,"column":19}},"type":"if","locations":[{"start":{"line":99,"column":18},"end":{"line":102,"column":19}},{"start":{"line":99,"column":18},"end":{"line":102,"column":19}}],"line":99},"8":{"loc":{"start":{"line":129,"column":4},"end":{"line":180,"column":5}},"type":"if","locations":[{"start":{"line":129,"column":4},"end":{"line":180,"column":5}},{"start":{"line":129,"column":4},"end":{"line":180,"column":5}}],"line":129},"9":{"loc":{"start":{"line":133,"column":8},"end":{"line":178,"column":9}},"type":"if","locations":[{"start":{"line":133,"column":8},"end":{"line":178,"column":9}},{"start":{"line":133,"column":8},"end":{"line":178,"column":9}}],"line":133},"10":{"loc":{"start":{"line":160,"column":14},"end":{"line":166,"column":15}},"type":"if","locations":[{"start":{"line":160,"column":14},"end":{"line":166,"column":15}},{"start":{"line":160,"column":14},"end":{"line":166,"column":15}}],"line":160},"11":{"loc":{"start":{"line":193,"column":4},"end":{"line":231,"column":5}},"type":"if","locations":[{"start":{"line":193,"column":4},"end":{"line":231,"column":5}},{"start":{"line":193,"column":4},"end":{"line":231,"column":5}}],"line":193},"12":{"loc":{"start":{"line":197,"column":8},"end":{"line":229,"column":9}},"type":"if","locations":[{"start":{"line":197,"column":8},"end":{"line":229,"column":9}},{"start":{"line":197,"column":8},"end":{"line":229,"column":9}}],"line":197},"13":{"loc":{"start":{"line":205,"column":12},"end":{"line":208,"column":13}},"type":"if","locations":[{"start":{"line":205,"column":12},"end":{"line":208,"column":13}},{"start":{"line":205,"column":12},"end":{"line":208,"column":13}}],"line":205},"14":{"loc":{"start":{"line":244,"column":4},"end":{"line":303,"column":5}},"type":"if","locations":[{"start":{"line":244,"column":4},"end":{"line":303,"column":5}},{"start":{"line":244,"column":4},"end":{"line":303,"column":5}}],"line":244},"15":{"loc":{"start":{"line":249,"column":8},"end":{"line":301,"column":9}},"type":"if","locations":[{"start":{"line":249,"column":8},"end":{"line":301,"column":9}},{"start":{"line":249,"column":8},"end":{"line":301,"column":9}}],"line":249},"16":{"loc":{"start":{"line":257,"column":12},"end":{"line":260,"column":13}},"type":"if","locations":[{"start":{"line":257,"column":12},"end":{"line":260,"column":13}},{"start":{"line":257,"column":12},"end":{"line":260,"column":13}}],"line":257},"17":{"loc":{"start":{"line":315,"column":4},"end":{"line":332,"column":5}},"type":"if","locations":[{"start":{"line":315,"column":4},"end":{"line":332,"column":5}},{"start":{"line":315,"column":4},"end":{"line":332,"column":5}}],"line":315},"18":{"loc":{"start":{"line":319,"column":8},"end":{"line":330,"column":9}},"type":"if","locations":[{"start":{"line":319,"column":8},"end":{"line":330,"column":9}},{"start":{"line":319,"column":8},"end":{"line":330,"column":9}}],"line":319},"19":{"loc":{"start":{"line":345,"column":4},"end":{"line":360,"column":5}},"type":"if","locations":[{"start":{"line":345,"column":4},"end":{"line":360,"column":5}},{"start":{"line":345,"column":4},"end":{"line":360,"column":5}}],"line":345},"20":{"loc":{"start":{"line":371,"column":4},"end":{"line":383,"column":5}},"type":"if","locations":[{"start":{"line":371,"column":4},"end":{"line":383,"column":5}},{"start":{"line":371,"column":4},"end":{"line":383,"column":5}}],"line":371},"21":{"loc":{"start":{"line":395,"column":4},"end":{"line":407,"column":5}},"type":"if","locations":[{"start":{"line":395,"column":4},"end":{"line":407,"column":5}},{"start":{"line":395,"column":4},"end":{"line":407,"column":5}}],"line":395},"22":{"loc":{"start":{"line":401,"column":8},"end":{"line":405,"column":9}},"type":"if","locations":[{"start":{"line":401,"column":8},"end":{"line":405,"column":9}},{"start":{"line":401,"column":8},"end":{"line":405,"column":9}}],"line":401},"23":{"loc":{"start":{"line":420,"column":4},"end":{"line":434,"column":5}},"type":"if","locations":[{"start":{"line":420,"column":4},"end":{"line":434,"column":5}},{"start":{"line":420,"column":4},"end":{"line":434,"column":5}}],"line":420},"24":{"loc":{"start":{"line":424,"column":8},"end":{"line":432,"column":9}},"type":"if","locations":[{"start":{"line":424,"column":8},"end":{"line":432,"column":9}},{"start":{"line":424,"column":8},"end":{"line":432,"column":9}}],"line":424},"25":{"loc":{"start":{"line":439,"column":2},"end":{"line":443,"column":3}},"type":"if","locations":[{"start":{"line":439,"column":2},"end":{"line":443,"column":3}},{"start":{"line":439,"column":2},"end":{"line":443,"column":3}}],"line":439}},"s":{"0":1,"1":1,"2":1,"3":1,"4":1,"5":1,"6":3,"7":1,"8":1,"9":1,"10":1,"11":1,"12":1,"13":1,"14":0,"15":0,"16":0,"17":0,"18":0,"19":1,"20":0,"21":0,"22":0,"23":0,"24":0,"25":0,"26":0,"27":0,"28":0,"29":0,"30":0,"31":0,"32":0,"33":0,"34":0,"35":0,"36":0,"37":0,"38":0,"39":0,"40":0,"41":0,"42":0,"43":0,"44":0,"45":0,"46":0,"47":0,"48":0,"49":0,"50":1,"51":0,"52":0,"53":0,"54":0,"55":0,"56":0,"57":0,"58":0,"59":0,"60":0,"61":0,"62":0,"63":0,"64":0,"65":0,"66":0,"67":0,"68":0,"69":0,"70":0,"71":0,"72":0,"73":0,"74":0,"75":0,"76":0,"77":0,"78":0,"79":0,"80":1,"81":0,"82":0,"83":0,"84":0,"85":0,"86":0,"87":0,"88":0,"89":0,"90":0,"91":0,"92":0,"93":0,"94":0,"95":0,"96":0,"97":0,"98":0,"99":0,"100":0,"101":0,"102":0,"103":0,"104":0,"105":0,"106":0,"107":1,"108":0,"109":0,"110":0,"111":0,"112":0,"113":0,"114":0,"115":0,"116":0,"117":0,"118":0,"119":0,"120":0,"121":0,"122":0,"123":0,"124":0,"125":0,"126":0,"127":0,"128":0,"129":0,"130":0,"131":0,"132":0,"133":0,"134":0,"135":0,"136":0,"137":0,"138":0,"139":0,"140":0,"141":0,"142":0,"143":1,"144":0,"145":0,"146":0,"147":0,"148":0,"149":0,"150":0,"151":0,"152":0,"153":0,"154":0,"155":0,"156":1,"157":0,"158":0,"159":0,"160":0,"161":0,"162":0,"163":0,"164":0,"165":0,"166":1,"167":0,"168":0,"169":0,"170":0,"171":0,"172":0,"173":0,"174":0,"175":1,"176":0,"177":0,"178":0,"179":0,"180":0,"181":0,"182":0,"183":1,"184":0,"185":0,"186":0,"187":0,"188":0,"189":0,"190":0,"191":0,"192":1,"193":0,"194":0,"195":0,"196":1},"f":{"0":3,"1":0,"2":0,"3":0,"4":0,"5":0,"6":0,"7":0,"8":0,"9":0,"10":0,"11":0,"12":0,"13":0,"14":0,"15":0,"16":0,"17":0,"18":0,"19":0,"20":0,"21":0,"22":0,"23":0,"24":0,"25":0,"26":0,"27":0,"28":0,"29":0,"30":0,"31":0,"32":0,"33":0,"34":0,"35":0,"36":0,"37":0,"38":0,"39":0,"40":0,"41":0,"42":0,"43":0,"44":0,"45":0,"46":0,"47":0,"48":0,"49":0,"50":0,"51":0,"52":0,"53":0,"54":0,"55":0,"56":0,"57":0,"58":0,"59":0,"60":0,"61":0},"b":{"0":[3,0],"1":[3,3],"2":[0,0],"3":[0,0],"4":[0,0],"5":[0,0],"6":[0,0],"7":[0,0],"8":[0,0],"9":[0,0],"10":[0,0],"11":[0,0],"12":[0,0],"13":[0,0],"14":[0,0],"15":[0,0],"16":[0,0],"17":[0,0],"18":[0,0],"19":[0,0],"20":[0,0],"21":[0,0],"22":[0,0],"23":[0,0],"24":[0,0],"25":[0,0]},"_coverageSchema":"d34fc3e6b8297bcde183f5492bcb8fcb36775295","hash":"7b2958be5c6841f6d88d6c74c56e34d02b8bf52a","contentHash":"2c813f16c45e54aea563c842381f687c"},"/Users/duncangrubbs/Documents/Github/BarterOutMain/server/models/textbookBuy.js":{"path":"/Users/duncangrubbs/Documents/Github/BarterOutMain/server/models/textbookBuy.js","statementMap":{"0":{"start":{"line":3,"column":0},"end":{"line":5,"column":3}},"1":{"start":{"line":7,"column":16},"end":{"line":7,"column":35}},"2":{"start":{"line":9,"column":17},"end":{"line":9,"column":50}},"3":{"start":{"line":11,"column":39},"end":{"line":11,"column":93}},"4":{"start":{"line":13,"column":13},"end":{"line":13,"column":38}},"5":{"start":{"line":15,"column":18},"end":{"line":23,"column":2}},"6":{"start":{"line":26,"column":0},"end":{"line":26,"column":83}},"7":{"start":{"line":29,"column":0},"end":{"line":29,"column":71}}},"fnMap":{"0":{"name":"_interopRequireDefault","decl":{"start":{"line":11,"column":9},"end":{"line":11,"column":31}},"loc":{"start":{"line":11,"column":37},"end":{"line":11,"column":95}},"line":11}},"branchMap":{"0":{"loc":{"start":{"line":11,"column":46},"end":{"line":11,"column":92}},"type":"cond-expr","locations":[{"start":{"line":11,"column":70},"end":{"line":11,"column":73}},{"start":{"line":11,"column":76},"end":{"line":11,"column":92}}],"line":11},"1":{"loc":{"start":{"line":11,"column":46},"end":{"line":11,"column":67}},"type":"binary-expr","locations":[{"start":{"line":11,"column":46},"end":{"line":11,"column":49}},{"start":{"line":11,"column":53},"end":{"line":11,"column":67}}],"line":11}},"s":{"0":1,"1":1,"2":1,"3":1,"4":1,"5":1,"6":1,"7":1},"f":{"0":1},"b":{"0":[0,1],"1":[1,1]},"_coverageSchema":"d34fc3e6b8297bcde183f5492bcb8fcb36775295","hash":"19d7f285140aa1916c4f5c93071139eb30d5d6f1","contentHash":"54dd3fdf0eb901d2b50963ce183643fb"},"/Users/duncangrubbs/Documents/Github/BarterOutMain/server/Notifications.js":{"path":"/Users/duncangrubbs/Documents/Github/BarterOutMain/server/Notifications.js","statementMap":{"0":{"start":{"line":3,"column":0},"end":{"line":90,"column":2}},"1":{"start":{"line":6,"column":4},"end":{"line":10,"column":6}},"2":{"start":{"line":14,"column":4},"end":{"line":17,"column":6}},"3":{"start":{"line":20,"column":4},"end":{"line":23,"column":6}},"4":{"start":{"line":27,"column":4},"end":{"line":31,"column":6}},"5":{"start":{"line":35,"column":4},"end":{"line":39,"column":6}},"6":{"start":{"line":43,"column":4},"end":{"line":47,"column":6}},"7":{"start":{"line":51,"column":4},"end":{"line":55,"column":6}},"8":{"start":{"line":59,"column":4},"end":{"line":63,"column":6}},"9":{"start":{"line":67,"column":4},"end":{"line":71,"column":6}},"10":{"start":{"line":75,"column":4},"end":{"line":79,"column":6}},"11":{"start":{"line":83,"column":4},"end":{"line":87,"column":6}}},"fnMap":{"0":{"name":"thanksForPosting","decl":{"start":{"line":5,"column":29},"end":{"line":5,"column":45}},"loc":{"start":{"line":5,"column":56},"end":{"line":11,"column":3}},"line":5},"1":{"name":"boughtYourBook","decl":{"start":{"line":13,"column":27},"end":{"line":13,"column":41}},"loc":{"start":{"line":13,"column":52},"end":{"line":18,"column":3}},"line":13},"2":{"name":"paymentReceived","decl":{"start":{"line":19,"column":28},"end":{"line":19,"column":43}},"loc":{"start":{"line":19,"column":46},"end":{"line":24,"column":3}},"line":19},"3":{"name":"postedRequest","decl":{"start":{"line":26,"column":26},"end":{"line":26,"column":39}},"loc":{"start":{"line":26,"column":50},"end":{"line":32,"column":3}},"line":26},"4":{"name":"matchFound","decl":{"start":{"line":34,"column":23},"end":{"line":34,"column":33}},"loc":{"start":{"line":34,"column":44},"end":{"line":40,"column":3}},"line":34},"5":{"name":"thaksForPurchase","decl":{"start":{"line":42,"column":29},"end":{"line":42,"column":45}},"loc":{"start":{"line":42,"column":56},"end":{"line":48,"column":3}},"line":42},"6":{"name":"bookChecked","decl":{"start":{"line":50,"column":24},"end":{"line":50,"column":35}},"loc":{"start":{"line":50,"column":46},"end":{"line":56,"column":3}},"line":50},"7":{"name":"thanksForPayment","decl":{"start":{"line":58,"column":29},"end":{"line":58,"column":45}},"loc":{"start":{"line":58,"column":56},"end":{"line":64,"column":3}},"line":58},"8":{"name":"adminNewTransaction","decl":{"start":{"line":66,"column":32},"end":{"line":66,"column":51}},"loc":{"start":{"line":66,"column":69},"end":{"line":72,"column":3}},"line":66},"9":{"name":"adminNewTransaction","decl":{"start":{"line":74,"column":31},"end":{"line":74,"column":50}},"loc":{"start":{"line":74,"column":61},"end":{"line":80,"column":3}},"line":74},"10":{"name":"adminNewTransaction","decl":{"start":{"line":82,"column":33},"end":{"line":82,"column":52}},"loc":{"start":{"line":82,"column":63},"end":{"line":88,"column":3}},"line":82}},"branchMap":{},"s":{"0":1,"1":0,"2":0,"3":0,"4":0,"5":0,"6":0,"7":0,"8":0,"9":0,"10":0,"11":0},"f":{"0":0,"1":0,"2":0,"3":0,"4":0,"5":0,"6":0,"7":0,"8":0,"9":0,"10":0},"b":{},"_coverageSchema":"d34fc3e6b8297bcde183f5492bcb8fcb36775295","hash":"22577479e4879a7211c8e8aceb7c75148dfc8f2d","contentHash":"20a3446985f67e9d7c4999bd1eca6246"},"/Users/duncangrubbs/Documents/Github/BarterOutMain/server/routes/dashboard.js":{"path":"/Users/duncangrubbs/Documents/Github/BarterOutMain/server/routes/dashboard.js","statementMap":{"0":{"start":{"line":3,"column":16},"end":{"line":3,"column":45}},"1":{"start":{"line":5,"column":17},"end":{"line":5,"column":50}},"2":{"start":{"line":7,"column":19},"end":{"line":7,"column":51}},"3":{"start":{"line":9,"column":20},"end":{"line":9,"column":56}},"4":{"start":{"line":11,"column":12},"end":{"line":11,"column":37}},"5":{"start":{"line":13,"column":13},"end":{"line":13,"column":42}},"6":{"start":{"line":15,"column":39},"end":{"line":15,"column":93}},"7":{"start":{"line":17,"column":14},"end":{"line":17,"column":32}},"8":{"start":{"line":19,"column":13},"end":{"line":19,"column":29}},"9":{"start":{"line":21,"column":0},"end":{"line":25,"column":3}},"10":{"start":{"line":22,"column":2},"end":{"line":24,"column":5}},"11":{"start":{"line":23,"column":4},"end":{"line":23,"column":20}},"12":{"start":{"line":27,"column":0},"end":{"line":34,"column":3}},"13":{"start":{"line":29,"column":2},"end":{"line":33,"column":3}},"14":{"start":{"line":30,"column":4},"end":{"line":30,"column":33}},"15":{"start":{"line":32,"column":4},"end":{"line":32,"column":29}},"16":{"start":{"line":36,"column":0},"end":{"line":42,"column":3}},"17":{"start":{"line":37,"column":2},"end":{"line":41,"column":3}},"18":{"start":{"line":38,"column":4},"end":{"line":38,"column":33}},"19":{"start":{"line":40,"column":4},"end":{"line":40,"column":29}},"20":{"start":{"line":44,"column":0},"end":{"line":44,"column":24}}},"fnMap":{"0":{"name":"_interopRequireDefault","decl":{"start":{"line":15,"column":9},"end":{"line":15,"column":31}},"loc":{"start":{"line":15,"column":37},"end":{"line":15,"column":95}},"line":15},"1":{"name":"(anonymous_1)","decl":{"start":{"line":21,"column":35},"end":{"line":21,"column":36}},"loc":{"start":{"line":21,"column":55},"end":{"line":25,"column":1}},"line":21},"2":{"name":"(anonymous_2)","decl":{"start":{"line":22,"column":44},"end":{"line":22,"column":45}},"loc":{"start":{"line":22,"column":66},"end":{"line":24,"column":3}},"line":22},"3":{"name":"(anonymous_3)","decl":{"start":{"line":27,"column":20},"end":{"line":27,"column":21}},"loc":{"start":{"line":27,"column":40},"end":{"line":34,"column":1}},"line":27},"4":{"name":"(anonymous_4)","decl":{"start":{"line":36,"column":16},"end":{"line":36,"column":17}},"loc":{"start":{"line":36,"column":36},"end":{"line":42,"column":1}},"line":36}},"branchMap":{"0":{"loc":{"start":{"line":15,"column":46},"end":{"line":15,"column":92}},"type":"cond-expr","locations":[{"start":{"line":15,"column":70},"end":{"line":15,"column":73}},{"start":{"line":15,"column":76},"end":{"line":15,"column":92}}],"line":15},"1":{"loc":{"start":{"line":15,"column":46},"end":{"line":15,"column":67}},"type":"binary-expr","locations":[{"start":{"line":15,"column":46},"end":{"line":15,"column":49}},{"start":{"line":15,"column":53},"end":{"line":15,"column":67}}],"line":15},"2":{"loc":{"start":{"line":29,"column":2},"end":{"line":33,"column":3}},"type":"if","locations":[{"start":{"line":29,"column":2},"end":{"line":33,"column":3}},{"start":{"line":29,"column":2},"end":{"line":33,"column":3}}],"line":29},"3":{"loc":{"start":{"line":37,"column":2},"end":{"line":41,"column":3}},"type":"if","locations":[{"start":{"line":37,"column":2},"end":{"line":41,"column":3}},{"start":{"line":37,"column":2},"end":{"line":41,"column":3}}],"line":37}},"s":{"0":1,"1":1,"2":1,"3":1,"4":1,"5":1,"6":3,"7":1,"8":1,"9":1,"10":0,"11":0,"12":1,"13":0,"14":0,"15":0,"16":1,"17":0,"18":0,"19":0,"20":1},"f":{"0":3,"1":0,"2":0,"3":0,"4":0},"b":{"0":[3,0],"1":[3,3],"2":[0,0],"3":[0,0]},"_coverageSchema":"d34fc3e6b8297bcde183f5492bcb8fcb36775295","hash":"831bd8f9861d7a8ee45359d604f54f2452e4fb24","contentHash":"44951c2e04dc1617b15a5975eb8e11ef"}}