TN:
SF:/Users/davidthingsaker/Sites/MernStack/webpack.config.js
FNF:0
FNH:0
DA:1,1
DA:4,1
DA:70,1
LF:3
LH:3
BRF:0
BRH:0
end_of_record
TN:
SF:/Users/davidthingsaker/Sites/MernStack/server/config.js
FNF:0
FNH:0
DA:1,1
LF:1
LH:1
BRDA:2,0,0,1
BRDA:2,0,1,0
BRDA:3,1,0,1
BRDA:3,1,1,1
BRF:4
BRH:3
end_of_record
TN:
SF:/Users/davidthingsaker/Sites/MernStack/server/server.js
FN:26,(anonymous_1)
FN:36,(anonymous_2)
FN:42,(anonymous_3)
FNF:3
FNH:3
FNDA:1,(anonymous_1)
FNDA:1,(anonymous_2)
FNDA:1,(anonymous_3)
DA:1,1
DA:2,1
DA:3,1
DA:4,1
DA:5,1
DA:8,1
DA:9,1
DA:10,1
DA:11,1
DA:14,1
DA:17,1
DA:18,0
DA:19,0
DA:20,0
DA:24,1
DA:26,1
DA:27,1
DA:28,0
DA:29,0
DA:32,1
DA:36,1
DA:37,1
DA:38,1
DA:42,1
DA:43,1
LF:25
LH:20
BRDA:17,0,0,0
BRDA:17,0,1,1
BRDA:27,1,0,0
BRDA:27,1,1,1
BRDA:37,2,0,1
BRDA:37,2,1,0
BRF:6
BRH:3
end_of_record
TN:
SF:/Users/davidthingsaker/Sites/MernStack/server/kittens/kitten.js
FN:5,(anonymous_2)
FN:13,(anonymous_3)
FNF:2
FNH:2
FNDA:1,(anonymous_2)
FNDA:1,(anonymous_3)
DA:1,1
DA:2,1
DA:5,1
DA:6,1
DA:7,0
DA:10,1
DA:11,1
DA:13,1
DA:14,1
LF:9
LH:8
BRDA:6,0,0,0
BRDA:6,0,1,1
BRDA:14,1,0,1
BRDA:14,1,1,0
BRF:4
BRH:2
end_of_record
TN:
SF:/Users/davidthingsaker/Sites/MernStack/server/models/kitten.js
FNF:0
FNH:0
DA:1,1
DA:2,1
DA:4,1
LF:3
LH:3
BRF:0
BRH:0
end_of_record
TN:
SF:/Users/davidthingsaker/Sites/MernStack/util/testHelpers.js
FN:3,connectDB
FN:4,(anonymous_2)
FNF:2
FNH:0
FNDA:0,connectDB
FNDA:0,(anonymous_2)
DA:1,1
DA:4,0
DA:5,0
DA:6,0
DA:7,0
DA:9,0
LF:6
LH:1
BRDA:5,0,0,0
BRDA:5,0,1,0
BRF:2
BRH:0
end_of_record
